test
test
test
test
test
test
test
Sun, 01 May 2011 03:35:42
Sun, 01 May 2011 03:35:49
Sun, 01 May 2011 03:35:50
Sun, 01 May 2011 03:35:51
Sun, 01 May 2011 03:40:57 [log] testSun, 01 May 2011 03:43:09 [NOTICE] test[NOTICE] Sun, 01 May 2011 03:43:51 test\n[NOTICE] Sun, 01 May 2011 03:44:22 test
[NOTICE] Sun, 01 May 2011 03:44:27 test
[NOTICE] Sun, 01 May 2011 03:44:29 test
[NOTICE] Sun, 01 May 2011 03:45:52 Array
(
    [0] => 2
    [1] => 2
    [2] => 3
    [3] => 4
    [4] => 5
    [5] => 6
    [6] => Array
        (
            [0] => 4
            [1] => 56
            [2] => 7
            [3] => asdf
            [4] => 8
        )

)

[NOTICE] Sun, 01 May 2011 03:52:35 stdClass Object
(
    [a] => s
    [b] => Array
        (
            [0] => 4
            [1] => 56
            [2] => 7
            [3] => asdf
            [4] => 8
        )

)

[NOTICE] Sun, 01 May 2011 03:53:08 
stdClass Object
(
    [a] => s
    [b] => Array
        (
            [0] => 4
            [1] => 56
            [2] => 7
            [3] => asdf
            [4] => 8
        )

)

[NOTICE] Sun, 01 May 2011 03:53:39 
stdClass Object
(
    [a] => s
    [b] => Array
        (
            [0] => 4
            [1] => 56
            [2] => 7
            [3] => asdf
            [4] => 8
        )

)


[NOTICE] Sun, 01 May 2011 03:55:43 
stdClass Object
(
    [a] => s
    [b] => Array
        (
            [0] => 4
            [1] => 56
            [2] => 7
            [3] => asdf
            [4] => 8
        )

)


[NOTICE] Sun, 01 May 2011 04:03:03 
stdClass Object
(
    [a] => s
    [b] => Array
        (
            [0] => 4
            [1] => 56
            [2] => 7
            [3] => asdf
            [4] => 8
        )

)


[NOTICE] Sun, 01 May 2011 04:03:06 
stdClass Object
(
    [a] => s
    [b] => Array
        (
            [0] => 4
            [1] => 56
            [2] => 7
            [3] => asdf
            [4] => 8
        )

)


[NOTICE] Sun, 01 May 2011 04:04:52 
stdClass Object
(
    [a] => s
    [b] => Array
        (
            [0] => 4
            [1] => 56
            [2] => 7
            [3] => asdf
            [4] => 8
        )

)


[NOTICE] Sun, 01 May 2011 04:20:21 
stdClass Object
(
    [a] => s
    [b] => Array
        (
            [0] => 4
            [1] => 56
            [2] => 7
            [3] => asdf
            [4] => 8
        )

)


[NOTICE] Sun, 01 May 2011 04:23:54 
stdClass Object
(
    [a] => s
    [b] => Array
        (
            [0] => 4
            [1] => 56
            [2] => 7
            [3] => asdf
            [4] => 8
        )

)


[NOTICE] Sun, 01 May 2011 04:25:16 
stdClass Object
(
    [a] => s
    [b] => Array
        (
            [0] => 4
            [1] => 56
            [2] => 7
            [3] => asdf
            [4] => 8
        )

)


[NOTICE] Sun, 01 May 2011 04:25:52 
stdClass Object
(
    [a] => s
    [b] => Array
        (
            [0] => 4
            [1] => 56
            [2] => 7
            [3] => asdf
            [4] => 8
        )

)


[NOTICE] Sun, 01 May 2011 04:27:38 
stdClass Object
(
    [a] => s
    [b] => Array
        (
            [0] => 4
            [1] => 56
            [2] => 7
            [3] => asdf
            [4] => 8
        )

)


[NOTICE] Sun, 01 May 2011 04:28:54 
stdClass Object
(
    [a] => s
    [b] => Array
        (
            [0] => 4
            [1] => 56
            [2] => 7
            [3] => asdf
            [4] => 8
        )

)


[ERROR] Sun, 01 May 2011 04:28:54 Error: Database layout file "master\db.myssql.php" not found!

[NOTICE] Sun, 01 May 2011 04:29:18 
stdClass Object
(
    [a] => s
    [b] => Array
        (
            [0] => 4
            [1] => 56
            [2] => 7
            [3] => asdf
            [4] => 8
        )

)


[NOTICE] Sun, 01 May 2011 04:29:38 
stdClass Object
(
    [a] => s
    [b] => Array
        (
            [0] => 4
            [1] => 56
            [2] => 7
            [3] => asdf
            [4] => 8
        )

)


[NOTICE] Sun, 01 May 2011 04:29:45 
stdClass Object
(
    [a] => s
    [b] => Array
        (
            [0] => 4
            [1] => 56
            [2] => 7
            [3] => asdf
            [4] => 8
        )

)


[NOTICE] Sun, 01 May 2011 04:29:47 
stdClass Object
(
    [a] => s
    [b] => Array
        (
            [0] => 4
            [1] => 56
            [2] => 7
            [3] => asdf
            [4] => 8
        )

)


[NOTICE] Sun, 01 May 2011 04:39:10 
Array
(
)


[NOTICE] Sun, 01 May 2011 04:40:29 
Array
(
    [0] => iii
)


[NOTICE] Sun, 01 May 2011 04:43:02 
Array
(
    [0] => iii
)


[SQL] Sun, 01 May 2011 04:44:12 SET NAMES "utf8"

[SQL] Sun, 01 May 2011 04:44:12 SHOW TABLES 

[NOTICE] Sun, 01 May 2011 04:44:12 
Array
(
    [0] => iii
)


[SQL] Sun, 01 May 2011 04:46:36 "SET NAMES "utf8""

[SQL] Sun, 01 May 2011 04:46:36 "SHOW TABLES "

[NOTICE] Sun, 01 May 2011 04:46:36 
Array
(
    [0] => iii
)


[SQL] Sun, 01 May 2011 04:47:03 [SET NAMES "utf8"}

[SQL] Sun, 01 May 2011 04:47:03 [SHOW TABLES }

[NOTICE] Sun, 01 May 2011 04:47:03 
Array
(
    [0] => iii
)


[SQL] Sun, 01 May 2011 04:47:13 [SET NAMES "utf8"]

[SQL] Sun, 01 May 2011 04:47:13 [SHOW TABLES ]

[NOTICE] Sun, 01 May 2011 04:47:13 
Array
(
    [0] => iii
)


[SQL] Sun, 01 May 2011 04:59:33 [SET NAMES "utf8"] (0.00020)

[SQL] Sun, 01 May 2011 04:59:36 [SET NAMES "utf8"] (0.00030)

[SQL] Sun, 01 May 2011 05:00:07  (0.00030) [SET NAMES "utf8"]

[SQL] Sun, 01 May 2011 05:00:18 (0.00020) [SET NAMES "utf8"]

[SQL]|Sun, 01 May 2011 05:01:38|(0.00040) [SET NAMES "utf8"]

[SQL]|2011-May-01 05:02:23|(0.00020) [SET NAMES "utf8"]

[SQL]|2011-05-01 05:02:39|(0.00030) [SET NAMES "utf8"]

[SQL] 2011-05-01 05:02:55|(0.00020) [SET NAMES "utf8"]

[SQL]|2011-05-01 05:03:19|(0.00030) [SET NAMES "utf8"]

[SQL]|2011-05-01 05:03:39|(0.00030)|[SET NAMES "utf8"]

[SQL]|2011-05-01 05:18:28|(0.00020)|[SET NAMES "utf8"]

[SQL]|2011-05-01 05:18:38|(0.00020)|[SET NAMES "utf8"]

[SQL]|2011-05-01 05:19:06|(0.00130)|[SET NAMES "utf8"]

[SQL]|2011-05-01 05:19:24|(0.00030)|[SET NAMES "utf8"]

[SQL]|2011-05-01 05:20:09|(0.00070)|[SET NAMES "utf8"]

[SQL]|2011-05-01 05:20:26|(0.00030)|[SET NAMES "utf8"]

[SQL]|2011-05-01 05:21:03|(0.00080)|[SET NAMES "utf8"]

[SQL]|2011-05-01 05:21:06|(0.00030)|[SET NAMES "utf8"]

[SQL]|2011-05-01 05:22:06|(0.00030)|[SET NAMES "utf8"]

[SQL]|2011-05-01 05:22:10|(0.00030)|[SET NAMES "utf8"]

[SQL]|2011-05-01 05:22:20|(0.00030)|[SET NAMES "utf8"]

[SQL]|2011-05-01 05:22:35|(0.00050)|[SET NAMES "utf8"]

[SQL]|2011-05-01 05:22:45|(0.00030)|[SET NAMES "utf8"]

[SQL]|2011-05-01 05:22:54|(0.00020)|[SET NAMES "utf8"]

[SQL]|2011-05-01 05:22:56|(0.00020)|[SET NAMES "utf8"]

[SQL]|2011-05-01 05:22:56|(0.00040)|[SET NAMES "utf8"]

[SQL]|2011-05-01 05:23:01|(0.00020)|[SET NAMES "utf8"]

[SQL]|2011-05-01 05:23:02|(0.00030)|[SET NAMES "utf8"]

[SQL]|2011-05-01 05:23:30|(0.00070)|[SET NAMES "utf8"]

[SQL]|2011-05-01 05:23:35|(0.00030)|[SET NAMES "utf8"]

[SQL]|2011-05-01 05:23:42|(0.00020)|[SET NAMES "utf8"]

[SQL]|2011-05-01 05:23:46|(0.00140)|[SET NAMES "utf8"]

[SQL]|2011-05-01 05:24:19|(0.00050)|[SET NAMES "utf8"]

[SQL]|2011-05-01 05:25:13|(0.00030)|[SET NAMES "utf8"]

[SQL]|2011-05-01 05:25:22|(0.00020)|[SET NAMES "utf8"]

[SQL]|2011-05-01 05:25:52|(0.00030)|[SET NAMES "utf8"]

[SQL]|2011-05-01 05:25:58|(0.00020)|[SET NAMES "utf8"]

[SQL]|2011-05-01 05:26:35|(0.00030)|[SET NAMES "utf8"]

[SQL]|2011-05-01 05:26:44|(0.00020)|[SET NAMES "utf8"]

[SQL]|2011-05-01 05:26:51|(0.00030)|[SET NAMES "utf8"]

[SQL]|2011-05-01 05:27:24|(0.00030)|[SET NAMES "utf8"]

[SQL]|2011-05-01 05:34:43|(0.00030)|[SET NAMES "utf8"]

[SQL]|2011-05-01 05:34:43|(0.00060)|[SELECT * FROM inter_options]

[SQL]|2011-05-01 05:36:38|(0.00020)|[SET NAMES "utf8"]

[SQL]|2011-05-01 05:36:38|(0.00060)|[SELECT * FROM inter_options]

[SQL]|2011-05-01 05:36:58|(0.00040)|[SET NAMES "utf8"]

[SQL]|2011-05-01 05:36:58|(0.00060)|[SELECT * FROM inter_options]

[SQL]|2011-05-01 05:37:05|(0.00050)|[SET NAMES "utf8"]

[SQL]|2011-05-01 05:38:04|(0.00020)|[SET NAMES "utf8"]

[NOTICE]|2011-05-01 05:38:04|----

[SQL]|2011-05-01 05:38:42|(0.00030)|[SET NAMES "utf8"]

[SQL]|2011-05-01 05:38:45|(0.00030)|[SET NAMES "utf8"]

[SQL]|2011-05-01 05:38:53|(0.00040)|[SET NAMES "utf8"]

[SQL]|2011-05-01 05:39:16|(0.00040)|[SET NAMES "utf8"]

[NOTICE]|2011-05-01 05:39:16|aaaaa

[SQL]|2011-05-01 05:39:48|(0.00030)|[SET NAMES "utf8"]

[NOTICE]|2011-05-01 05:39:48|aaaaa

[SQL]|2011-05-01 05:40:23|(0.00020)|[SET NAMES "utf8"]

[NOTICE]|2011-05-01 05:40:23|INTERNb9a463b0bc72e9a32afee94c17999ee5

[SQL]|2011-05-01 05:41:35|(0.00020)|[SET NAMES "utf8"]

[SQL]|2011-05-01 05:42:51|(0.00030)|[SET NAMES "utf8"]

[SQL]|2011-05-01 05:43:24|(0.00020)|[SET NAMES "utf8"]

[SQL]|2011-05-01 05:45:23|(0.00020)|[SET NAMES "utf8"]

[SQL]|2011-05-01 06:22:15|(0.00030)|[SET NAMES "utf8"]

[SQL]|2011-05-01 06:22:35|(0.00020)|[SET NAMES "utf8"]

[SQL]|2011-05-01 06:22:55|(0.00030)|[SET NAMES "utf8"]

[SQL]|2011-05-01 06:23:04|(0.00050)|[SET NAMES "utf8"]

[SQL]|2011-05-01 06:23:20|(0.00020)|[SET NAMES "utf8"]

[SQL]|2011-05-01 06:33:30|(0.00050)|[SET NAMES "utf8"]

[SQL]|2011-05-01 06:33:47|(0.00020)|[SET NAMES "utf8"]

[SQL]|2011-05-01 07:13:08|(0.00030)|[SET NAMES "utf8"]

[SQL]|2011-05-01 07:13:18|(0.00020)|[SET NAMES "utf8"]

[SQL]|2011-05-01 07:13:19|(0.00020)|[SET NAMES "utf8"]

[SQL]|2011-05-01 07:13:19|(0.00020)|[SET NAMES "utf8"]

[SQL]|2011-05-01 07:13:19|(0.00020)|[SET NAMES "utf8"]

[SQL]|2011-05-01 07:13:32|(0.00020)|[SET NAMES "utf8"]

[SQL]|2011-05-01 07:13:32|(0.09150)|[SELECT u.*,s.* FROM inter_users u INNER JOIN inter_sessions s ON u.uid = s.uid WHERE s.sid = 'nnghtg3ea4lslusrh4l0ht79o0']

[SQL]|2011-05-01 07:13:42|(0.00040)|[SET NAMES "utf8"]

[SQL]|2011-05-01 07:13:42|(0.00060)|[SELECT u.*,s.* FROM inter_users u INNER JOIN inter_sessions s ON u.uid = s.uid WHERE s.sid = 'nnghtg3ea4lslusrh4l0ht79o0']

[SQL]|2011-05-01 07:13:54|(0.00020)|[SET NAMES "utf8"]

[SQL]|2011-05-01 07:13:54|(0.00060)|[SELECT u.*,s.* FROM inter_users u INNER JOIN inter_sessions s ON u.uid = s.uid WHERE s.sid = 'nnghtg3ea4lslusrh4l0ht79o0']

[SQL]|2011-05-01 07:13:55|(0.00020)|[SET NAMES "utf8"]

[SQL]|2011-05-01 07:13:55|(0.00060)|[SELECT u.*,s.* FROM inter_users u INNER JOIN inter_sessions s ON u.uid = s.uid WHERE s.sid = 'nnghtg3ea4lslusrh4l0ht79o0']

[SQL]|2011-05-01 07:14:06|(0.00020)|[SET NAMES "utf8"]

[NOTICE]|2011-05-01 07:14:06|INTERNb9a463b0bc72e9a32afee94c17999ee5

[SQL]|2011-05-01 07:14:06|(0.00050)|[SELECT u.*,s.* FROM inter_users u INNER JOIN inter_sessions s ON u.uid = s.uid WHERE s.sid = 'nnghtg3ea4lslusrh4l0ht79o0']

[SQL]|2011-05-01 07:14:07|(0.00090)|[SET NAMES "utf8"]

[NOTICE]|2011-05-01 07:14:07|INTERNb9a463b0bc72e9a32afee94c17999ee5

[SQL]|2011-05-01 07:14:07|(0.00060)|[SELECT u.*,s.* FROM inter_users u INNER JOIN inter_sessions s ON u.uid = s.uid WHERE s.sid = 'nnghtg3ea4lslusrh4l0ht79o0']

[SQL]|2011-05-01 07:14:07|(0.00030)|[SET NAMES "utf8"]

[NOTICE]|2011-05-01 07:14:07|INTERNb9a463b0bc72e9a32afee94c17999ee5

[SQL]|2011-05-01 07:14:07|(0.00060)|[SELECT u.*,s.* FROM inter_users u INNER JOIN inter_sessions s ON u.uid = s.uid WHERE s.sid = 'nnghtg3ea4lslusrh4l0ht79o0']

[SQL]|2011-05-01 07:14:07|(0.00030)|[SET NAMES "utf8"]

[NOTICE]|2011-05-01 07:14:07|INTERNb9a463b0bc72e9a32afee94c17999ee5

[SQL]|2011-05-01 07:14:07|(0.00200)|[SELECT u.*,s.* FROM inter_users u INNER JOIN inter_sessions s ON u.uid = s.uid WHERE s.sid = 'nnghtg3ea4lslusrh4l0ht79o0']

[SQL]|2011-05-01 07:14:07|(0.00030)|[SET NAMES "utf8"]

[NOTICE]|2011-05-01 07:14:08|INTERNb9a463b0bc72e9a32afee94c17999ee5

[SQL]|2011-05-01 07:14:08|(0.00740)|[SELECT u.*,s.* FROM inter_users u INNER JOIN inter_sessions s ON u.uid = s.uid WHERE s.sid = 'nnghtg3ea4lslusrh4l0ht79o0']

[SQL]|2011-05-01 07:14:08|(0.00040)|[SET NAMES "utf8"]

[NOTICE]|2011-05-01 07:14:08|INTERNb9a463b0bc72e9a32afee94c17999ee5

[SQL]|2011-05-01 07:14:08|(0.00200)|[SELECT u.*,s.* FROM inter_users u INNER JOIN inter_sessions s ON u.uid = s.uid WHERE s.sid = 'nnghtg3ea4lslusrh4l0ht79o0']

[SQL]|2011-05-01 07:14:08|(0.00040)|[SET NAMES "utf8"]

[NOTICE]|2011-05-01 07:14:08|INTERNb9a463b0bc72e9a32afee94c17999ee5

[SQL]|2011-05-01 07:14:08|(0.00050)|[SELECT u.*,s.* FROM inter_users u INNER JOIN inter_sessions s ON u.uid = s.uid WHERE s.sid = 'nnghtg3ea4lslusrh4l0ht79o0']

[SQL]|2011-05-01 07:14:08|(0.00100)|[SET NAMES "utf8"]

[NOTICE]|2011-05-01 07:14:08|INTERNb9a463b0bc72e9a32afee94c17999ee5

[SQL]|2011-05-01 07:14:08|(0.00080)|[SELECT u.*,s.* FROM inter_users u INNER JOIN inter_sessions s ON u.uid = s.uid WHERE s.sid = 'nnghtg3ea4lslusrh4l0ht79o0']

[SQL]|2011-05-01 07:14:24|(0.00030)|[SET NAMES "utf8"]

[NOTICE]|2011-05-01 07:14:24|INTERNb9a463b0bc72e9a32afee94c17999ee5

[SQL]|2011-05-01 07:14:24|(0.00060)|[SELECT u.*,s.* FROM inter_users u INNER JOIN inter_sessions s ON u.uid = s.uid WHERE s.sid = 'nnghtg3ea4lslusrh4l0ht79o0']

[SQL]|2011-05-01 07:14:26|(0.00030)|[SET NAMES "utf8"]

[NOTICE]|2011-05-01 07:14:26|INTERNb9a463b0bc72e9a32afee94c17999ee5

[SQL]|2011-05-01 07:14:26|(0.00070)|[SELECT u.*,s.* FROM inter_users u INNER JOIN inter_sessions s ON u.uid = s.uid WHERE s.sid = 'nnghtg3ea4lslusrh4l0ht79o0']

[SQL]|2011-05-01 07:14:26|(0.00040)|[SET NAMES "utf8"]

[NOTICE]|2011-05-01 07:14:26|INTERNb9a463b0bc72e9a32afee94c17999ee5

[SQL]|2011-05-01 07:14:26|(0.00050)|[SELECT u.*,s.* FROM inter_users u INNER JOIN inter_sessions s ON u.uid = s.uid WHERE s.sid = 'nnghtg3ea4lslusrh4l0ht79o0']

[SQL]|2011-05-01 07:14:26|(0.00040)|[SET NAMES "utf8"]

[NOTICE]|2011-05-01 07:14:26|INTERNb9a463b0bc72e9a32afee94c17999ee5

[SQL]|2011-05-01 07:14:26|(0.00170)|[SELECT u.*,s.* FROM inter_users u INNER JOIN inter_sessions s ON u.uid = s.uid WHERE s.sid = 'nnghtg3ea4lslusrh4l0ht79o0']

[SQL]|2011-05-01 07:14:26|(0.00060)|[SET NAMES "utf8"]

[NOTICE]|2011-05-01 07:14:26|INTERNb9a463b0bc72e9a32afee94c17999ee5

[SQL]|2011-05-01 07:14:26|(0.00060)|[SELECT u.*,s.* FROM inter_users u INNER JOIN inter_sessions s ON u.uid = s.uid WHERE s.sid = 'nnghtg3ea4lslusrh4l0ht79o0']

[SQL]|2011-05-01 07:14:26|(0.00030)|[SET NAMES "utf8"]

[NOTICE]|2011-05-01 07:14:26|INTERNb9a463b0bc72e9a32afee94c17999ee5

[SQL]|2011-05-01 07:14:26|(0.00060)|[SELECT u.*,s.* FROM inter_users u INNER JOIN inter_sessions s ON u.uid = s.uid WHERE s.sid = 'nnghtg3ea4lslusrh4l0ht79o0']

[SQL]|2011-05-01 07:14:27|(0.00020)|[SET NAMES "utf8"]

[NOTICE]|2011-05-01 07:14:27|INTERNb9a463b0bc72e9a32afee94c17999ee5

[SQL]|2011-05-01 07:14:27|(0.00050)|[SELECT u.*,s.* FROM inter_users u INNER JOIN inter_sessions s ON u.uid = s.uid WHERE s.sid = 'nnghtg3ea4lslusrh4l0ht79o0']

[SQL]|2011-05-01 07:14:53|(0.00060)|[SET NAMES "utf8"]

[SQL]|2011-05-01 07:14:53|(0.00050)|[SELECT u.*,s.* FROM inter_users u INNER JOIN inter_sessions s ON u.uid = s.uid WHERE s.sid = 'nnghtg3ea4lslusrh4l0ht79o0']

[SQL]|2011-05-01 07:15:22|(0.00020)|[SET NAMES "utf8"]

[SQL]|2011-05-01 07:15:45|(0.00040)|[SET NAMES "utf8"]

[SQL]|2011-05-01 07:15:45|(0.00070)|[SELECT u.*,s.* FROM inter_users u INNER JOIN inter_sessions s ON u.uid = s.uid WHERE s.sid = 'nnghtg3ea4lslusrh4l0ht79o0']

[SQL]|2011-05-01 07:15:46|(0.00020)|[SET NAMES "utf8"]

[SQL]|2011-05-01 07:15:46|(0.00090)|[SELECT u.*,s.* FROM inter_users u INNER JOIN inter_sessions s ON u.uid = s.uid WHERE s.sid = 'nnghtg3ea4lslusrh4l0ht79o0']

[SQL]|2011-05-01 07:15:46|(0.00030)|[SET NAMES "utf8"]

[SQL]|2011-05-01 07:15:46|(0.00150)|[SELECT u.*,s.* FROM inter_users u INNER JOIN inter_sessions s ON u.uid = s.uid WHERE s.sid = 'nnghtg3ea4lslusrh4l0ht79o0']

[SQL]|2011-05-01 07:18:19|(0.00020)|[SET NAMES "utf8"]

[SQL]|2011-05-01 07:18:19|(0.00170)|[SELECT u.*,s.* FROM inter_users u INNER JOIN inter_sessions s ON u.uid = s.uid WHERE s.sid = 'b7kpoi99ldginehlqm26njre75']

[SQL]|2011-05-01 07:20:50|(0.00020)|[SET NAMES "utf8"]

[SQL]|2011-05-01 07:21:26|(0.00020)|[SET NAMES "utf8"]

[SQL]|2011-05-01 07:21:44|(0.00030)|[SET NAMES "utf8"]

[SQL]|2011-05-01 07:22:19|(0.00020)|[SET NAMES "utf8"]

[SQL]|2011-05-01 07:22:19|(0.00060)|[SELECT u.*,s.* FROM inter_users u INNER JOIN inter_sessions s ON u.uid = s.uid WHERE s.sid = 'nnghtg3ea4lslusrh4l0ht79o0']

[SQL]|2011-05-01 07:22:21|(0.00020)|[SET NAMES "utf8"]

[SQL]|2011-05-01 07:22:21|(0.00060)|[SELECT u.*,s.* FROM inter_users u INNER JOIN inter_sessions s ON u.uid = s.uid WHERE s.sid = 'nnghtg3ea4lslusrh4l0ht79o0']

[SQL]|2011-05-01 07:22:22|(0.00020)|[SET NAMES "utf8"]

[SQL]|2011-05-01 07:22:22|(0.00070)|[SELECT u.*,s.* FROM inter_users u INNER JOIN inter_sessions s ON u.uid = s.uid WHERE s.sid = 'nnghtg3ea4lslusrh4l0ht79o0']

[SQL]|2011-05-01 07:22:50|(0.00020)|[SET NAMES "utf8"]

[SQL]|2011-05-01 07:22:50|(0.00060)|[SELECT u.*,s.* FROM inter_users u INNER JOIN inter_sessions s ON u.uid = s.uid WHERE s.sid = 'nnghtg3ea4lslusrh4l0ht79o0']

[SQL]|2011-05-01 07:23:19|(0.00020)|[SET NAMES "utf8"]

[SQL]|2011-05-01 07:23:51|(0.00020)|[SET NAMES "utf8"]

[SQL]|2011-05-01 07:23:57|(0.00050)|[SET NAMES "utf8"]

[SQL]|2011-05-01 07:23:58|(0.00020)|[SET NAMES "utf8"]

[SQL]|2011-05-01 07:24:00|(0.00020)|[SET NAMES "utf8"]

[SQL]|2011-05-01 07:24:12|(0.00020)|[SET NAMES "utf8"]

[SQL]|2011-05-01 07:24:15|(0.00020)|[SET NAMES "utf8"]

[SQL]|2011-05-01 07:24:24|(0.00030)|[SET NAMES "utf8"]

[SQL]|2011-05-01 07:24:24|(0.00060)|[SELECT u.*,s.* FROM inter_users u INNER JOIN inter_sessions s ON u.uid = s.uid WHERE s.sid = 'nnghtg3ea4lslusrh4l0ht79o0']

[SQL]|2011-05-01 07:24:26|(0.00020)|[SET NAMES "utf8"]

[NOTICE]|2011-05-01 07:24:26|====

[SQL]|2011-05-01 07:24:41|(0.00020)|[SET NAMES "utf8"]

[NOTICE]|2011-05-01 07:24:41|====

[SQL]|2011-05-01 07:25:08|(0.00030)|[SET NAMES "utf8"]

[NOTICE]|2011-05-01 07:25:08|====

[SQL]|2011-05-01 07:25:59|(0.00040)|[SET NAMES "utf8"]

[SQL]|2011-05-01 07:25:59|(0.00070)|[SELECT u.*,s.* FROM inter_users u INNER JOIN inter_sessions s ON u.uid = s.uid WHERE s.sid = '9f3qe8t0npopa2od2rtoapot71']

[SQL]|2011-05-01 07:26:21|(0.00020)|[SET NAMES "utf8"]

[SQL]|2011-05-01 07:26:23|(0.00030)|[SET NAMES "utf8"]

[SQL]|2011-05-01 07:26:23|(0.00050)|[SELECT u.*,s.* FROM inter_users u INNER JOIN inter_sessions s ON u.uid = s.uid WHERE s.sid = '36jeuj83in48sa48fa1etl4le2']

[SQL]|2011-05-01 07:26:25|(0.00020)|[SET NAMES "utf8"]

[SQL]|2011-05-01 07:26:25|(0.00050)|[SELECT u.*,s.* FROM inter_users u INNER JOIN inter_sessions s ON u.uid = s.uid WHERE s.sid = 'ql8pb441a0p05are4qmd9ghic1']

[SQL]|2011-05-01 07:26:52|(0.00030)|[SET NAMES "utf8"]

[SQL]|2011-05-01 07:26:52|(0.00050)|[SELECT u.*,s.* FROM inter_users u INNER JOIN inter_sessions s ON u.uid = s.uid WHERE s.sid = 'nnghtg3ea4lslusrh4l0ht79o0']

[SQL]|2011-05-01 07:26:56|(0.00030)|[SET NAMES "utf8"]

[SQL]|2011-05-01 07:27:27|(0.00040)|[SET NAMES "utf8"]

[SQL]|2011-05-01 07:27:43|(0.00020)|[SET NAMES "utf8"]

[NOTICE]|2011-05-01 07:27:43|====dd

[SQL]|2011-05-01 07:30:13|(0.00020)|[SET NAMES "utf8"]

[SQL]|2011-05-01 07:30:33|(0.00030)|[SET NAMES "utf8"]

[SQL]|2011-05-01 07:30:48|(0.00020)|[SET NAMES "utf8"]

[SQL]|2011-05-01 07:31:04|(0.00040)|[SET NAMES "utf8"]

[SQL]|2011-05-01 07:31:53|(0.00060)|[SET NAMES "utf8"]

[SQL]|2011-05-01 07:34:26|(0.00020)|[SET NAMES "utf8"]

[SQL]|2011-05-01 07:36:36|(0.00020)|[SET NAMES "utf8"]

[SQL]|2011-05-01 07:36:36|(0.00300)|[SELECT u.*,s.* FROM inter_users u INNER JOIN inter_sessions s ON u.uid = s.uid WHERE s.sid = 'fdbnskq4t5pmni3e3ik9ebdss0']

[SQL]|2011-05-01 07:37:04|(0.00020)|[SET NAMES "utf8"]

[SQL]|2011-05-01 07:37:04|(0.00080)|[SELECT u.*,s.* FROM inter_users u INNER JOIN inter_sessions s ON u.uid = s.uid WHERE s.sid = 'fdbnskq4t5pmni3e3ik9ebdss0']

[SQL]|2011-05-01 07:38:29|(0.00020)|[SET NAMES "utf8"]

[SQL]|2011-05-01 07:38:29|(0.00050)|[SELECT u.*,s.* FROM inter_users u INNER JOIN inter_sessions s ON u.uid = s.uid WHERE s.sid = 'fdbnskq4t5pmni3e3ik9ebdss0']

[SQL]|2011-05-01 07:38:57|(0.00030)|[SET NAMES "utf8"]

[SQL]|2011-05-01 07:38:57|(0.00050)|[SELECT u.*,s.* FROM inter_users u INNER JOIN inter_sessions s ON u.uid = s.uid WHERE s.sid = 'nnghtg3ea4lslusrh4l0ht79o0']

[SQL]|2011-05-01 07:39:04|(0.00020)|[SET NAMES "utf8"]

[SQL]|2011-05-01 07:39:04|(0.00050)|[SELECT u.*,s.* FROM inter_users u INNER JOIN inter_sessions s ON u.uid = s.uid WHERE s.sid = 'fdbnskq4t5pmni3e3ik9ebdss0']

[SQL]|2011-05-01 07:39:08|(0.00040)|[SET NAMES "utf8"]

[SQL]|2011-05-01 07:39:08|(0.00080)|[SELECT u.*,s.* FROM inter_users u INNER JOIN inter_sessions s ON u.uid = s.uid WHERE s.sid = 'fdbnskq4t5pmni3e3ik9ebdss0']

[SQL]|2011-05-01 07:39:08|(0.00020)|[SET NAMES "utf8"]

[SQL]|2011-05-01 07:39:08|(0.00050)|[SELECT u.*,s.* FROM inter_users u INNER JOIN inter_sessions s ON u.uid = s.uid WHERE s.sid = 'fdbnskq4t5pmni3e3ik9ebdss0']

[SQL]|2011-05-01 07:39:09|(0.00020)|[SET NAMES "utf8"]

[SQL]|2011-05-01 07:39:09|(0.00270)|[SELECT u.*,s.* FROM inter_users u INNER JOIN inter_sessions s ON u.uid = s.uid WHERE s.sid = 'fdbnskq4t5pmni3e3ik9ebdss0']

[SQL]|2011-05-01 07:39:09|(0.00030)|[SET NAMES "utf8"]

[SQL]|2011-05-01 07:39:09|(0.00050)|[SELECT u.*,s.* FROM inter_users u INNER JOIN inter_sessions s ON u.uid = s.uid WHERE s.sid = 'fdbnskq4t5pmni3e3ik9ebdss0']

[SQL]|2011-05-01 07:39:19|(0.00030)|[SET NAMES "utf8"]

[SQL]|2011-05-01 07:39:19|(0.00050)|[SELECT u.*,s.* FROM inter_users u INNER JOIN inter_sessions s ON u.uid = s.uid WHERE s.sid = 'fdbnskq4t5pmni3e3ik9ebdss0']

[SQL]|2011-05-01 07:40:18|(0.00050)|[SET NAMES "utf8"]

[SQL]|2011-05-01 07:40:18|(0.00050)|[SELECT u.*,s.* FROM inter_users u INNER JOIN inter_sessions s ON u.uid = s.uid WHERE s.sid = 'fdbnskq4t5pmni3e3ik9ebdss0']

[SQL]|2011-05-01 07:40:21|(0.00050)|[SET NAMES "utf8"]

[SQL]|2011-05-01 07:40:21|(0.00060)|[SELECT u.*,s.* FROM inter_users u INNER JOIN inter_sessions s ON u.uid = s.uid WHERE s.sid = 'fdbnskq4t5pmni3e3ik9ebdss0']

[SQL]|2011-05-01 07:40:22|(0.00020)|[SET NAMES "utf8"]

[SQL]|2011-05-01 07:40:22|(0.00060)|[SELECT u.*,s.* FROM inter_users u INNER JOIN inter_sessions s ON u.uid = s.uid WHERE s.sid = 'fdbnskq4t5pmni3e3ik9ebdss0']

[SQL]|2011-05-01 07:40:26|(0.00020)|[SET NAMES "utf8"]

[SQL]|2011-05-01 07:40:26|(0.00060)|[SELECT u.*,s.* FROM inter_users u INNER JOIN inter_sessions s ON u.uid = s.uid WHERE s.sid = 'nnghtg3ea4lslusrh4l0ht79o0']

[SQL]|2011-05-01 07:40:55|(0.00020)|[SET NAMES "utf8"]

[SQL]|2011-05-01 07:40:55|(0.00060)|[SELECT u.*,s.* FROM inter_users u INNER JOIN inter_sessions s ON u.uid = s.uid WHERE s.sid = 'nnghtg3ea4lslusrh4l0ht79o0']

[SQL]|2011-05-01 07:40:55|(0.05460)|[DELETE FROM inter_sessions WHERE sid = 'nnghtg3ea4lslusrh4l0ht79o0']

[SQL]|2011-05-01 07:41:08|(0.00030)|[SET NAMES "utf8"]

[SQL]|2011-05-01 07:41:08|(0.00060)|[SELECT u.*,s.* FROM inter_users u INNER JOIN inter_sessions s ON u.uid = s.uid WHERE s.sid = 'fdbnskq4t5pmni3e3ik9ebdss0']

[SQL]|2011-05-01 07:41:08|(0.00070)|[DELETE FROM inter_sessions WHERE sid = 'fdbnskq4t5pmni3e3ik9ebdss0']

[SQL]|2011-05-01 07:41:09|(0.00030)|[SET NAMES "utf8"]

[SQL]|2011-05-01 07:41:09|(0.00060)|[SELECT u.*,s.* FROM inter_users u INNER JOIN inter_sessions s ON u.uid = s.uid WHERE s.sid = 'fdbnskq4t5pmni3e3ik9ebdss0']

[SQL]|2011-05-01 07:41:09|(0.02370)|[DELETE FROM inter_sessions WHERE sid = 'fdbnskq4t5pmni3e3ik9ebdss0']

[SQL]|2011-05-01 07:41:28|(0.00030)|[SET NAMES "utf8"]

[SQL]|2011-05-01 07:41:28|(0.00050)|[SELECT u.*,s.* FROM inter_users u INNER JOIN inter_sessions s ON u.uid = s.uid WHERE s.sid = 'nnghtg3ea4lslusrh4l0ht79o0']

[SQL]|2011-05-01 07:41:35|(0.00030)|[SET NAMES "utf8"]

[SQL]|2011-05-01 07:41:35|(0.00050)|[SELECT u.*,s.* FROM inter_users u INNER JOIN inter_sessions s ON u.uid = s.uid WHERE s.sid = 'fdbnskq4t5pmni3e3ik9ebdss0']

[SQL]|2011-05-01 07:41:36|(0.00030)|[SET NAMES "utf8"]

[SQL]|2011-05-01 07:41:36|(0.00080)|[SELECT u.*,s.* FROM inter_users u INNER JOIN inter_sessions s ON u.uid = s.uid WHERE s.sid = 'fdbnskq4t5pmni3e3ik9ebdss0']

[SQL]|2011-05-01 07:41:37|(0.00040)|[SET NAMES "utf8"]

[SQL]|2011-05-01 07:41:37|(0.00110)|[SELECT u.*,s.* FROM inter_users u INNER JOIN inter_sessions s ON u.uid = s.uid WHERE s.sid = 'fdbnskq4t5pmni3e3ik9ebdss0']

[SQL]|2011-05-01 07:41:38|(0.00020)|[SET NAMES "utf8"]

[SQL]|2011-05-01 07:41:38|(0.00050)|[SELECT u.*,s.* FROM inter_users u INNER JOIN inter_sessions s ON u.uid = s.uid WHERE s.sid = 'fdbnskq4t5pmni3e3ik9ebdss0']

[SQL]|2011-05-01 07:41:45|(0.00030)|[SET NAMES "utf8"]

[SQL]|2011-05-01 07:41:45|(0.00050)|[SELECT u.*,s.* FROM inter_users u INNER JOIN inter_sessions s ON u.uid = s.uid WHERE s.sid = 'fdbnskq4t5pmni3e3ik9ebdss0']

[SQL]|2011-05-01 07:41:46|(0.00020)|[SET NAMES "utf8"]

[SQL]|2011-05-01 07:41:46|(0.00050)|[SELECT u.*,s.* FROM inter_users u INNER JOIN inter_sessions s ON u.uid = s.uid WHERE s.sid = 'fdbnskq4t5pmni3e3ik9ebdss0']

[SQL]|2011-05-01 07:41:47|(0.00020)|[SET NAMES "utf8"]

[SQL]|2011-05-01 07:41:47|(0.00080)|[SELECT u.*,s.* FROM inter_users u INNER JOIN inter_sessions s ON u.uid = s.uid WHERE s.sid = 'fdbnskq4t5pmni3e3ik9ebdss0']

[SQL]|2011-05-01 07:41:47|(0.00020)|[SET NAMES "utf8"]

[SQL]|2011-05-01 07:41:47|(0.00050)|[SELECT u.*,s.* FROM inter_users u INNER JOIN inter_sessions s ON u.uid = s.uid WHERE s.sid = 'fdbnskq4t5pmni3e3ik9ebdss0']

[SQL]|2011-05-01 07:41:48|(0.00020)|[SET NAMES "utf8"]

[SQL]|2011-05-01 07:41:48|(0.00050)|[SELECT u.*,s.* FROM inter_users u INNER JOIN inter_sessions s ON u.uid = s.uid WHERE s.sid = 'fdbnskq4t5pmni3e3ik9ebdss0']

[SQL]|2011-05-01 07:41:48|(0.00020)|[SET NAMES "utf8"]

[SQL]|2011-05-01 07:41:48|(0.00360)|[SELECT u.*,s.* FROM inter_users u INNER JOIN inter_sessions s ON u.uid = s.uid WHERE s.sid = 'fdbnskq4t5pmni3e3ik9ebdss0']

[SQL]|2011-05-01 07:41:48|(0.00030)|[SET NAMES "utf8"]

[SQL]|2011-05-01 07:41:48|(0.00050)|[SELECT u.*,s.* FROM inter_users u INNER JOIN inter_sessions s ON u.uid = s.uid WHERE s.sid = 'fdbnskq4t5pmni3e3ik9ebdss0']

[SQL]|2011-05-01 07:41:50|(0.00180)|[SET NAMES "utf8"]

[SQL]|2011-05-01 07:41:50|(0.00060)|[SELECT u.*,s.* FROM inter_users u INNER JOIN inter_sessions s ON u.uid = s.uid WHERE s.sid = 'nnghtg3ea4lslusrh4l0ht79o0']

[SQL]|2011-05-01 07:41:51|(0.00030)|[SET NAMES "utf8"]

[SQL]|2011-05-01 07:41:51|(0.00080)|[SELECT u.*,s.* FROM inter_users u INNER JOIN inter_sessions s ON u.uid = s.uid WHERE s.sid = 'nnghtg3ea4lslusrh4l0ht79o0']

[SQL]|2011-05-01 07:41:51|(0.00040)|[SET NAMES "utf8"]

[SQL]|2011-05-01 07:41:51|(0.00120)|[SELECT u.*,s.* FROM inter_users u INNER JOIN inter_sessions s ON u.uid = s.uid WHERE s.sid = 'nnghtg3ea4lslusrh4l0ht79o0']

[SQL]|2011-05-01 07:41:52|(0.00020)|[SET NAMES "utf8"]

[SQL]|2011-05-01 07:41:52|(0.00120)|[SELECT u.*,s.* FROM inter_users u INNER JOIN inter_sessions s ON u.uid = s.uid WHERE s.sid = 'nnghtg3ea4lslusrh4l0ht79o0']

[SQL]|2011-05-01 07:42:14|(0.00030)|[SET NAMES "utf8"]

[SQL]|2011-05-01 07:42:14|(0.00060)|[SELECT u.*,s.* FROM inter_users u INNER JOIN inter_sessions s ON u.uid = s.uid WHERE s.sid = 'nnghtg3ea4lslusrh4l0ht79o0']

[SQL]|2011-05-01 07:42:24|(0.00030)|[SET NAMES "utf8"]

[SQL]|2011-05-01 07:42:24|(0.00060)|[SELECT u.*,s.* FROM inter_users u INNER JOIN inter_sessions s ON u.uid = s.uid WHERE s.sid = 'nnghtg3ea4lslusrh4l0ht79o0']

[SQL]|2011-05-01 07:42:57|(0.00030)|[SET NAMES "utf8"]

[SQL]|2011-05-01 07:42:57|(0.00050)|[SELECT u.*,s.* FROM inter_users u INNER JOIN inter_sessions s ON u.uid = s.uid WHERE s.sid = 'nnghtg3ea4lslusrh4l0ht79o0']

[SQL]|2011-05-01 07:42:59|(0.00020)|[SET NAMES "utf8"]

[SQL]|2011-05-01 07:42:59|(0.00360)|[SELECT u.*,s.* FROM inter_users u INNER JOIN inter_sessions s ON u.uid = s.uid WHERE s.sid = 'nnghtg3ea4lslusrh4l0ht79o0']

[SQL]|2011-05-01 07:43:10|(0.00030)|[SET NAMES "utf8"]

[SQL]|2011-05-01 07:43:10|(0.00070)|[SELECT u.*,s.* FROM inter_users u INNER JOIN inter_sessions s ON u.uid = s.uid WHERE s.sid = 'nnghtg3ea4lslusrh4l0ht79o0']

[SQL]|2011-05-01 07:43:21|(0.00020)|[SET NAMES "utf8"]

[SQL]|2011-05-01 07:43:21|(0.00050)|[SELECT u.*,s.* FROM inter_users u INNER JOIN inter_sessions s ON u.uid = s.uid WHERE s.sid = 'nnghtg3ea4lslusrh4l0ht79o0']

[SQL]|2011-05-01 07:43:30|(0.00020)|[SET NAMES "utf8"]

[SQL]|2011-05-01 07:43:30|(0.00050)|[SELECT u.*,s.* FROM inter_users u INNER JOIN inter_sessions s ON u.uid = s.uid WHERE s.sid = 'nnghtg3ea4lslusrh4l0ht79o0']

[SQL]|2011-05-01 07:44:09|(0.00040)|[SET NAMES "utf8"]

[SQL]|2011-05-01 07:44:09|(0.00060)|[SELECT u.*,s.* FROM inter_users u INNER JOIN inter_sessions s ON u.uid = s.uid WHERE s.sid = 'nnghtg3ea4lslusrh4l0ht79o0']

[SQL]|2011-05-01 07:44:17|(0.00020)|[SET NAMES "utf8"]

[SQL]|2011-05-01 07:44:17|(0.00070)|[SELECT u.*,s.* FROM inter_users u INNER JOIN inter_sessions s ON u.uid = s.uid WHERE s.sid = 'nnghtg3ea4lslusrh4l0ht79o0']

[SQL]|2011-05-01 07:44:42|(0.00020)|[SET NAMES "utf8"]

[SQL]|2011-05-01 07:44:42|(0.00060)|[SELECT u.*,s.* FROM inter_users u INNER JOIN inter_sessions s ON u.uid = s.uid WHERE s.sid = 'nnghtg3ea4lslusrh4l0ht79o0']

[SQL]|2011-05-01 07:44:52|(0.00100)|[SET NAMES "utf8"]

[SQL]|2011-05-01 07:44:52|(0.00060)|[SELECT u.*,s.* FROM inter_users u INNER JOIN inter_sessions s ON u.uid = s.uid WHERE s.sid = 'nnghtg3ea4lslusrh4l0ht79o0']

[SQL]|2011-05-01 07:44:59|(0.00030)|[SET NAMES "utf8"]

[SQL]|2011-05-01 07:44:59|(0.00060)|[SELECT u.*,s.* FROM inter_users u INNER JOIN inter_sessions s ON u.uid = s.uid WHERE s.sid = 'nnghtg3ea4lslusrh4l0ht79o0']

[SQL]|2011-05-01 07:46:20|(0.00030)|[SET NAMES "utf8"]

[SQL]|2011-05-01 07:46:20|(0.00070)|[SELECT u.*,s.* FROM inter_users u INNER JOIN inter_sessions s ON u.uid = s.uid WHERE s.sid = 'nnghtg3ea4lslusrh4l0ht79o0']

[SQL]|2011-05-01 07:46:22|(0.00040)|[SET NAMES "utf8"]

[SQL]|2011-05-01 07:46:22|(0.00070)|[SELECT u.*,s.* FROM inter_users u INNER JOIN inter_sessions s ON u.uid = s.uid WHERE s.sid = 'nnghtg3ea4lslusrh4l0ht79o0']

[SQL]|2011-05-01 07:46:22|(0.00030)|[SET NAMES "utf8"]

[SQL]|2011-05-01 07:46:22|(0.00060)|[SELECT u.*,s.* FROM inter_users u INNER JOIN inter_sessions s ON u.uid = s.uid WHERE s.sid = 'nnghtg3ea4lslusrh4l0ht79o0']

[SQL]|2011-05-01 07:46:28|(0.00030)|[SET NAMES "utf8"]

[SQL]|2011-05-01 07:46:28|(0.00070)|[SELECT u.*,s.* FROM inter_users u INNER JOIN inter_sessions s ON u.uid = s.uid WHERE s.sid = 'nnghtg3ea4lslusrh4l0ht79o0']

[SQL]|2011-05-01 07:47:31|(0.00030)|[SET NAMES "utf8"]

[SQL]|2011-05-01 07:47:31|(0.00090)|[SELECT u.*,s.* FROM inter_users u INNER JOIN inter_sessions s ON u.uid = s.uid WHERE s.sid = 'nnghtg3ea4lslusrh4l0ht79o0']

[SQL]|2011-05-01 07:48:39|(0.00020)|[SET NAMES "utf8"]

[SQL]|2011-05-01 07:48:39|(0.00050)|[SELECT u.*,s.* FROM inter_users u INNER JOIN inter_sessions s ON u.uid = s.uid WHERE s.sid = 'nnghtg3ea4lslusrh4l0ht79o0']

[SQL]|2011-05-01 07:48:39|(0.00040)|[UPDATE inter_sessions SET hostname = '127.0.0.1', timestamp = 1304236119, data = 'asdfa|s:4:\"asdf\";' WHERE sid = 'nnghtg3ea4lslusrh4l0ht79o0']

[SQL]|2011-05-01 07:48:44|(0.00040)|[SET NAMES "utf8"]

[SQL]|2011-05-01 07:48:44|(0.00070)|[SELECT u.*,s.* FROM inter_users u INNER JOIN inter_sessions s ON u.uid = s.uid WHERE s.sid = 'nnghtg3ea4lslusrh4l0ht79o0']

[SQL]|2011-05-01 07:48:44|(0.00070)|[UPDATE inter_sessions SET hostname = '127.0.0.1', timestamp = 1304236124, data = 'asdfa|s:4:\"asdf\";' WHERE sid = 'nnghtg3ea4lslusrh4l0ht79o0']

[SQL]|2011-05-01 07:49:34|(0.00170)|[SET NAMES "utf8"]

[SQL]|2011-05-01 07:49:34|(0.00060)|[SELECT u.*,s.* FROM inter_users u INNER JOIN inter_sessions s ON u.uid = s.uid WHERE s.sid = 'nnghtg3ea4lslusrh4l0ht79o0']

[SQL]|2011-05-01 07:49:34|(0.00060)|[UPDATE inter_sessions SET hostname = '127.0.0.1', timestamp = 1304236174, data = 'asdfa|s:4:\"asdf\";' WHERE sid = 'nnghtg3ea4lslusrh4l0ht79o0']

[SQL]|2011-05-01 07:49:47|(0.00030)|[SET NAMES "utf8"]

[SQL]|2011-05-01 07:49:47|(0.00060)|[SELECT u.*,s.* FROM inter_users u INNER JOIN inter_sessions s ON u.uid = s.uid WHERE s.sid = 'nnghtg3ea4lslusrh4l0ht79o0']

[SQL]|2011-05-01 07:49:47|(0.00050)|[UPDATE inter_sessions SET hostname = '127.0.0.1', timestamp = 1304236187, data = 'asdfa|s:4:\"asdf\";' WHERE sid = 'nnghtg3ea4lslusrh4l0ht79o0']

[SQL]|2011-05-01 07:49:58|(0.00020)|[SET NAMES "utf8"]

[SQL]|2011-05-01 07:49:58|(0.00060)|[SELECT u.*,s.* FROM inter_users u INNER JOIN inter_sessions s ON u.uid = s.uid WHERE s.sid = 'nnghtg3ea4lslusrh4l0ht79o0']

[SQL]|2011-05-01 07:49:58|(0.00130)|[UPDATE inter_sessions SET hostname = '127.0.0.1', timestamp = 1304236198, data = 'asdfa|s:4:\"asdf\";' WHERE sid = 'nnghtg3ea4lslusrh4l0ht79o0']

[SQL]|2011-05-01 07:49:58|(0.04240)|[INSERT INTO inter_sessions(uid, sid, hostname, timestamp, data) VALUES( 0, 'nnghtg3ea4lslusrh4l0ht79o0', '127.0.0.1', 1304236198, 'asdfa|s:4:\"asdf\";')]

[SQL]|2011-05-01 07:50:14|(0.00020)|[SET NAMES "utf8"]

[SQL]|2011-05-01 07:50:14|(0.01240)|[SELECT u.*,s.* FROM inter_users u INNER JOIN inter_sessions s ON u.uid = s.uid WHERE s.sid = 'nnghtg3ea4lslusrh4l0ht79o0']

[SQL]|2011-05-01 07:50:14|(0.00590)|[UPDATE inter_sessions SET hostname = '127.0.0.1', timestamp = 1304236214, data = 'asdfa|s:4:\"asdf\";' WHERE sid = 'nnghtg3ea4lslusrh4l0ht79o0']

[SQL]|2011-05-01 07:50:21|(0.00190)|[SET NAMES "utf8"]

[SQL]|2011-05-01 07:50:21|(0.00050)|[SELECT u.*,s.* FROM inter_users u INNER JOIN inter_sessions s ON u.uid = s.uid WHERE s.sid = 'nnghtg3ea4lslusrh4l0ht79o0']

[SQL]|2011-05-01 07:50:21|(0.00080)|[UPDATE inter_sessions SET hostname = '127.0.0.1', timestamp = 1304236221, data = 'asdfa|s:4:\"asdf\";' WHERE sid = 'nnghtg3ea4lslusrh4l0ht79o0']

[SQL]|2011-05-01 07:51:06|(0.00030)|[SET NAMES "utf8"]

[SQL]|2011-05-01 07:51:06|(0.00050)|[SELECT u.*,s.* FROM inter_users u INNER JOIN inter_sessions s ON u.uid = s.uid WHERE s.sid = 'fdbnskq4t5pmni3e3ik9ebdss0']

[SQL]|2011-05-01 07:51:06|(0.00050)|[UPDATE inter_sessions SET hostname = '127.0.0.1', timestamp = 1304236266, data = 'asdfa|s:4:\"asdf\";' WHERE sid = 'fdbnskq4t5pmni3e3ik9ebdss0']

[SQL]|2011-05-01 07:51:06|(0.01120)|[INSERT INTO inter_sessions(uid, sid, hostname, timestamp, data) VALUES( 0, 'fdbnskq4t5pmni3e3ik9ebdss0', '127.0.0.1', 1304236266, 'asdfa|s:4:\"asdf\";')]

[SQL]|2011-05-01 07:51:15|(0.00030)|[SET NAMES "utf8"]

[SQL]|2011-05-01 07:51:15|(0.00060)|[SELECT u.*,s.* FROM inter_users u INNER JOIN inter_sessions s ON u.uid = s.uid WHERE s.sid = 'fdbnskq4t5pmni3e3ik9ebdss0']

[SQL]|2011-05-01 07:51:15|(0.00050)|[UPDATE inter_sessions SET hostname = '127.0.0.1', timestamp = 1304236275, data = 'asdfa|s:4:\"asdf\";' WHERE sid = 'fdbnskq4t5pmni3e3ik9ebdss0']

[SQL]|2011-05-01 07:51:58|(0.00030)|[SET NAMES "utf8"]

[SQL]|2011-05-01 07:51:58|(0.00080)|[SELECT u.*,s.* FROM inter_users u INNER JOIN inter_sessions s ON u.uid = s.uid WHERE s.sid = 'fdbnskq4t5pmni3e3ik9ebdss0']

[SQL]|2011-05-01 07:52:06|(0.00020)|[SET NAMES "utf8"]

[SQL]|2011-05-01 07:52:06|(0.00060)|[SELECT u.*,s.* FROM inter_users u INNER JOIN inter_sessions s ON u.uid = s.uid WHERE s.sid = 'fdbnskq4t5pmni3e3ik9ebdss0']

[SQL]|2011-05-01 07:52:06|(0.00060)|[UPDATE inter_sessions SET hostname = '127.0.0.1', timestamp = 1304236326, data = 'asdfa|s:4:\"asdf\";' WHERE sid = 'fdbnskq4t5pmni3e3ik9ebdss0']

[SQL]|2011-05-01 07:52:41|(0.00030)|[SET NAMES "utf8"]

[SQL]|2011-05-01 07:52:41|(0.00290)|[SELECT u.*,s.* FROM inter_users u INNER JOIN inter_sessions s ON u.uid = s.uid WHERE s.sid = 'fdbnskq4t5pmni3e3ik9ebdss0']

[SQL]|2011-05-01 07:52:41|(0.00060)|[UPDATE inter_sessions SET hostname = '127.0.0.1', timestamp = 1304236361, data = 'asdfa|s:4:\"asdf\";' WHERE sid = 'fdbnskq4t5pmni3e3ik9ebdss0']

[SQL]|2011-05-01 08:31:10|(0.00020)|[SET NAMES "utf8"]

[SQL]|2011-05-01 08:31:10|(0.00220)|[UPDATE inter_sessions SET hostname = '127.0.0.1', timestamp = 1304238670, data = 'asdfa|s:4:\"asdf\";' WHERE sid = 'pir6oqb5n3437eccnpo7192aq1']

[SQL]|2011-05-01 08:31:10|(0.02750)|[INSERT INTO inter_sessions(uid, sid, hostname, timestamp, data) VALUES( 0, 'pir6oqb5n3437eccnpo7192aq1', '127.0.0.1', 1304238670, 'asdfa|s:4:\"asdf\";')]

[SQL]|2011-05-01 08:32:02|(0.00020)|[SET NAMES "utf8"]

[SQL]|2011-05-01 08:32:02|(0.00070)|[UPDATE inter_sessions SET hostname = '127.0.0.1', timestamp = 1304238722, data = '' WHERE sid = '8l6tqjndm08lslktqtpr2qm4v4']

[SQL]|2011-05-01 08:32:02|(0.00050)|[INSERT INTO inter_sessions(uid, sid, hostname, timestamp, data) VALUES( 0, '8l6tqjndm08lslktqtpr2qm4v4', '127.0.0.1', 1304238722, '')]

[SQL]|2011-05-01 08:35:25|(0.00020)|[SET NAMES "utf8"]

[SQL]|2011-05-01 08:35:25|(0.00400)|[SELECT u.*,s.* FROM inter_users u INNER JOIN inter_sessions s ON u.uid = s.uid WHERE s.sid = '8l6tqjndm08lslktqtpr2qm4v4']

[SQL]|2011-05-01 08:35:31|(0.00020)|[SET NAMES "utf8"]

[SQL]|2011-05-01 08:35:31|(0.00060)|[SELECT u.*,s.* FROM inter_users u INNER JOIN inter_sessions s ON u.uid = s.uid WHERE s.sid = 'pir6oqb5n3437eccnpo7192aq1']

[SQL]|2011-05-01 08:35:34|(0.00040)|[SET NAMES "utf8"]

[SQL]|2011-05-01 08:35:34|(0.00100)|[SELECT u.*,s.* FROM inter_users u INNER JOIN inter_sessions s ON u.uid = s.uid WHERE s.sid = 'pir6oqb5n3437eccnpo7192aq1']

[SQL]|2011-05-01 08:35:45|(0.00020)|[SET NAMES "utf8"]

[SQL]|2011-05-01 08:35:45|(0.00260)|[SELECT u.*,s.* FROM inter_users u INNER JOIN inter_sessions s ON u.uid = s.uid WHERE s.sid = 'pir6oqb5n3437eccnpo7192aq1']

[SQL]|2011-05-01 08:35:47|(0.00030)|[SET NAMES "utf8"]

[SQL]|2011-05-01 08:35:47|(0.00120)|[SELECT u.*,s.* FROM inter_users u INNER JOIN inter_sessions s ON u.uid = s.uid WHERE s.sid = 'pir6oqb5n3437eccnpo7192aq1']

[SQL]|2011-05-01 08:36:31|(0.00030)|[SET NAMES "utf8"]

[SQL]|2011-05-01 08:36:31|(0.00060)|[SELECT u.*,s.* FROM inter_users u INNER JOIN inter_sessions s ON u.uid = s.uid WHERE s.sid = 'pir6oqb5n3437eccnpo7192aq1']

[SQL]|2011-05-01 08:36:31|(0.00250)|[SELECT * FROM inter_options]

[SQL]|2011-05-01 08:40:50|(0.00030)|[SET NAMES "utf8"]

[SQL]|2011-05-01 08:40:50|(0.00050)|[SELECT * FROM inter_options]

[SQL]|2011-05-01 08:40:50|(0.00060)|[SELECT u.*,s.* FROM inter_users u INNER JOIN inter_sessions s ON u.uid = s.uid WHERE s.sid = 'pir6oqb5n3437eccnpo7192aq1']

[SQL]|2011-05-01 08:42:26|(0.00020)|[SET NAMES "utf8"]

[SQL]|2011-05-01 08:42:26|(0.00110)|[SELECT * FROM inter_options]

[SQL]|2011-05-01 08:42:26|(0.00060)|[SELECT u.*,s.* FROM inter_users u INNER JOIN inter_sessions s ON u.uid = s.uid WHERE s.sid = 'pir6oqb5n3437eccnpo7192aq1']

[SQL]|2011-05-01 08:52:01|(0.00020)|[SET NAMES "utf8"]

[SQL]|2011-05-01 08:52:01|(0.00040)|[SELECT * FROM inter_options]

[SQL]|2011-05-01 08:52:01|(0.00050)|[SELECT u.*,s.* FROM inter_users u INNER JOIN inter_sessions s ON u.uid = s.uid WHERE s.sid = 'pir6oqb5n3437eccnpo7192aq1']

[SQL]|2011-05-01 08:52:20|(0.00050)|[SET NAMES "utf8"]

[SQL]|2011-05-01 08:52:20|(0.00040)|[SELECT * FROM inter_options]

[SQL]|2011-05-01 08:52:20|(0.00060)|[SELECT u.*,s.* FROM inter_users u INNER JOIN inter_sessions s ON u.uid = s.uid WHERE s.sid = 'pir6oqb5n3437eccnpo7192aq1']

[SQL]|2011-05-01 08:53:10|(0.00020)|[SET NAMES "utf8"]

[SQL]|2011-05-01 08:53:10|(0.00040)|[SELECT * FROM inter_options]

[SQL]|2011-05-01 08:53:10|(0.00050)|[SELECT u.*,s.* FROM inter_users u INNER JOIN inter_sessions s ON u.uid = s.uid WHERE s.sid = 'pir6oqb5n3437eccnpo7192aq1']

[SQL]|2011-05-01 08:53:10|(0.02170)|[SELECT * FROM inter_core WHERE status = 1 ORDER BY weight ASC]

[SQL]|2011-05-01 08:54:14|(0.00020)|[SET NAMES "utf8"]

[SQL]|2011-05-01 08:54:14|(0.00050)|[SELECT * FROM inter_options]

[SQL]|2011-05-01 08:54:14|(0.00060)|[SELECT u.*,s.* FROM inter_users u INNER JOIN inter_sessions s ON u.uid = s.uid WHERE s.sid = 'pir6oqb5n3437eccnpo7192aq1']

[SQL]|2011-05-01 08:54:14|(0.00050)|[SELECT * FROM inter_core WHERE status = 1 ORDER BY weight ASC]

[SQL]|2011-05-01 08:54:18|(0.00020)|[SET NAMES "utf8"]

[SQL]|2011-05-01 08:54:18|(0.00050)|[SELECT * FROM inter_options]

[SQL]|2011-05-01 08:54:18|(0.00060)|[SELECT u.*,s.* FROM inter_users u INNER JOIN inter_sessions s ON u.uid = s.uid WHERE s.sid = 'pir6oqb5n3437eccnpo7192aq1']

[SQL]|2011-05-01 08:54:18|(0.00360)|[SELECT * FROM inter_core WHERE status = 1 ORDER BY weight ASC]

[SQL]|2011-05-01 08:54:21|(0.00020)|[SET NAMES "utf8"]

[SQL]|2011-05-01 08:54:21|(0.00200)|[SELECT * FROM inter_options]

[SQL]|2011-05-01 08:54:21|(0.00060)|[SELECT u.*,s.* FROM inter_users u INNER JOIN inter_sessions s ON u.uid = s.uid WHERE s.sid = 'pir6oqb5n3437eccnpo7192aq1']

[SQL]|2011-05-01 08:54:21|(0.00050)|[SELECT * FROM inter_core WHERE status = 1 ORDER BY weight ASC]

[SQL]|2011-05-01 08:54:29|(0.00020)|[SET NAMES "utf8"]

[SQL]|2011-05-01 08:54:29|(0.00050)|[SELECT * FROM inter_options]

[SQL]|2011-05-01 08:54:29|(0.00060)|[SELECT u.*,s.* FROM inter_users u INNER JOIN inter_sessions s ON u.uid = s.uid WHERE s.sid = 'pir6oqb5n3437eccnpo7192aq1']

[SQL]|2011-05-01 08:54:29|(0.00050)|[SELECT * FROM inter_core WHERE status = 1 ORDER BY weight ASC]

[SQL]|2011-05-01 08:54:31|(0.00030)|[SET NAMES "utf8"]

[SQL]|2011-05-01 08:54:31|(0.00050)|[SELECT * FROM inter_options]

[SQL]|2011-05-01 08:54:31|(0.00110)|[SELECT u.*,s.* FROM inter_users u INNER JOIN inter_sessions s ON u.uid = s.uid WHERE s.sid = 'pir6oqb5n3437eccnpo7192aq1']

[SQL]|2011-05-01 08:54:31|(0.00060)|[SELECT * FROM inter_core WHERE status = 1 ORDER BY weight ASC]

[SQL]|2011-05-01 09:23:08|(0.00030)|[SET NAMES "utf8"]

[SQL]|2011-05-01 09:23:08|(0.00290)|[SELECT * FROM inter_options]

[SQL]|2011-05-01 09:23:08|(0.00320)|[SELECT u.*,s.* FROM inter_users u INNER JOIN inter_sessions s ON u.uid = s.uid WHERE s.sid = '8l6tqjndm08lslktqtpr2qm4v4']

[SQL]|2011-05-01 09:23:08|(0.00240)|[SELECT * FROM inter_core WHERE status = 1 ORDER BY weight ASC]

[SQL]|2011-05-01 09:27:18|(0.00030)|[SET NAMES "utf8"]

[SQL]|2011-05-01 09:27:18|(0.00060)|[SELECT * FROM inter_options]

[SQL]|2011-05-01 09:27:18|(0.00070)|[SELECT u.*,s.* FROM inter_users u INNER JOIN inter_sessions s ON u.uid = s.uid WHERE s.sid = 'pir6oqb5n3437eccnpo7192aq1']

[SQL]|2011-05-01 09:27:18|(0.00050)|[SELECT * FROM inter_core WHERE status = 1 ORDER BY weight ASC]

[SQL]|2011-05-01 09:28:57|(0.00030)|[SET NAMES "utf8"]

[SQL]|2011-05-01 09:28:57|(0.00040)|[SELECT * FROM inter_options]

[SQL]|2011-05-01 09:28:57|(0.00060)|[SELECT u.*,s.* FROM inter_users u INNER JOIN inter_sessions s ON u.uid = s.uid WHERE s.sid = 'pir6oqb5n3437eccnpo7192aq1']

[SQL]|2011-05-01 09:28:57|(0.00440)|[SELECT * FROM inter_core WHERE status = 1 ORDER BY weight ASC]

[SQL]|2011-05-01 09:29:14|(0.00020)|[SET NAMES "utf8"]

[SQL]|2011-05-01 09:29:14|(0.00140)|[SELECT * FROM inter_options]

[SQL]|2011-05-01 09:29:14|(0.00070)|[SELECT u.*,s.* FROM inter_users u INNER JOIN inter_sessions s ON u.uid = s.uid WHERE s.sid = 'pir6oqb5n3437eccnpo7192aq1']

[SQL]|2011-05-01 09:29:14|(0.00040)|[SELECT * FROM inter_core WHERE status = 1 ORDER BY weight ASC]

[SQL]|2011-05-01 09:30:02|(0.00030)|[SET NAMES "utf8"]

[SQL]|2011-05-01 09:30:02|(0.00040)|[SELECT * FROM inter_options]

[SQL]|2011-05-01 09:30:02|(0.00060)|[SELECT u.*,s.* FROM inter_users u INNER JOIN inter_sessions s ON u.uid = s.uid WHERE s.sid = 'pir6oqb5n3437eccnpo7192aq1']

[SQL]|2011-05-01 09:30:02|(0.00050)|[SELECT * FROM inter_core WHERE status = 1 ORDER BY weight ASC]

[SQL]|2011-05-01 09:42:27|(0.00020)|[SET NAMES "utf8"]

[SQL]|2011-05-01 09:42:27|(0.00190)|[SELECT * FROM inter_options]

[SQL]|2011-05-01 09:42:27|(0.00260)|[SELECT u.*,s.* FROM inter_users u INNER JOIN inter_sessions s ON u.uid = s.uid WHERE s.sid = '8l6tqjndm08lslktqtpr2qm4v4']

[SQL]|2011-05-01 09:42:27|(0.00240)|[SELECT * FROM inter_core WHERE status = 1 ORDER BY weight ASC]

[SQL]|2011-05-01 09:54:22|(0.00030)|[SET NAMES "utf8"]

[SQL]|2011-05-01 09:54:22|(0.00110)|[SELECT * FROM inter_options]

[SQL]|2011-05-01 09:54:22|(0.00080)|[SELECT u.*,s.* FROM inter_users u INNER JOIN inter_sessions s ON u.uid = s.uid WHERE s.sid = '8l6tqjndm08lslktqtpr2qm4v4']

[SQL]|2011-05-01 09:54:22|(0.00060)|[SELECT * FROM inter_core WHERE status = 1 ORDER BY weight ASC]

[SQL]|2011-05-01 09:54:53|(0.00020)|[SET NAMES "utf8"]

[SQL]|2011-05-01 09:54:53|(0.00050)|[SELECT * FROM inter_options]

[SQL]|2011-05-01 09:54:53|(0.00060)|[SELECT u.*,s.* FROM inter_users u INNER JOIN inter_sessions s ON u.uid = s.uid WHERE s.sid = '8l6tqjndm08lslktqtpr2qm4v4']

[SQL]|2011-05-01 09:54:53|(0.00050)|[SELECT * FROM inter_core WHERE status = 1 ORDER BY weight ASC]

[SQL]|2011-05-01 09:54:53|(0.00190)|[DELETE FROM inter_cache WHERE expired < 1304243693]

[SQL]|2011-05-01 09:54:53|(0.00060)|[UPDATE inter_options SET value = 'i:1304243693;' WHERE name = 'cache_clear_corn']

[SQL]|2011-05-01 09:55:49|(0.00030)|[SET NAMES "utf8"]

[SQL]|2011-05-01 09:55:49|(0.00040)|[SELECT * FROM inter_options]

[SQL]|2011-05-01 09:55:49|(0.00060)|[SELECT u.*,s.* FROM inter_users u INNER JOIN inter_sessions s ON u.uid = s.uid WHERE s.sid = '8l6tqjndm08lslktqtpr2qm4v4']

[SQL]|2011-05-01 09:55:49|(0.00050)|[SELECT * FROM inter_core WHERE status = 1 ORDER BY weight ASC]

[SQL]|2011-05-01 10:11:40|(0.00020)|[SET NAMES "utf8"]

[SQL]|2011-05-01 10:11:40|(0.00160)|[SELECT * FROM inter_options]

[SQL]|2011-05-01 10:11:40|(0.00260)|[SELECT u.*,s.* FROM inter_users u INNER JOIN inter_sessions s ON u.uid = s.uid WHERE s.sid = '8l6tqjndm08lslktqtpr2qm4v4']

[SQL]|2011-05-01 10:11:40|(0.00170)|[SELECT * FROM inter_core WHERE status = 1 ORDER BY weight ASC]

[SQL]|2011-05-01 10:11:40|(0.00150)|[DELETE FROM inter_cache WHERE expired < 1304244700]

[SQL]|2011-05-01 10:11:40|(0.00060)|[UPDATE inter_options SET value = 'i:1304244700;' WHERE name = 'cache_clear_corn']

[SQL]|2011-05-01 10:13:01|(0.00030)|[SET NAMES "utf8"]

[SQL]|2011-05-01 10:13:01|(0.00050)|[SELECT * FROM inter_options]

[SQL]|2011-05-01 10:13:01|(0.00050)|[SELECT u.*,s.* FROM inter_users u INNER JOIN inter_sessions s ON u.uid = s.uid WHERE s.sid = '8l6tqjndm08lslktqtpr2qm4v4']

[SQL]|2011-05-01 10:13:01|(0.00080)|[SELECT * FROM inter_core WHERE status = 1 ORDER BY weight ASC]

[SQL]|2011-05-01 10:13:16|(0.00020)|[SET NAMES "utf8"]

[SQL]|2011-05-01 10:13:16|(0.00050)|[SELECT * FROM inter_options]

[SQL]|2011-05-01 10:13:16|(0.00060)|[SELECT u.*,s.* FROM inter_users u INNER JOIN inter_sessions s ON u.uid = s.uid WHERE s.sid = '8l6tqjndm08lslktqtpr2qm4v4']

[SQL]|2011-05-01 10:13:16|(0.00050)|[SELECT * FROM inter_core WHERE status = 1 ORDER BY weight ASC]

[SQL]|2011-05-01 10:13:38|(0.00020)|[SET NAMES "utf8"]

[SQL]|2011-05-01 10:13:38|(0.00040)|[SELECT * FROM inter_options]

[SQL]|2011-05-01 10:13:38|(0.00060)|[SELECT u.*,s.* FROM inter_users u INNER JOIN inter_sessions s ON u.uid = s.uid WHERE s.sid = '8l6tqjndm08lslktqtpr2qm4v4']

[SQL]|2011-05-01 10:13:38|(0.00050)|[SELECT * FROM inter_core WHERE status = 1 ORDER BY weight ASC]

[SQL]|2011-05-01 10:13:52|(0.00020)|[SET NAMES "utf8"]

[SQL]|2011-05-01 10:13:52|(0.00040)|[SELECT * FROM inter_options]

[SQL]|2011-05-01 10:13:52|(0.00270)|[SELECT u.*,s.* FROM inter_users u INNER JOIN inter_sessions s ON u.uid = s.uid WHERE s.sid = '8l6tqjndm08lslktqtpr2qm4v4']

[SQL]|2011-05-01 10:13:52|(0.00050)|[SELECT * FROM inter_core WHERE status = 1 ORDER BY weight ASC]

[SQL]|2011-05-01 10:16:48|(0.00020)|[SET NAMES "utf8"]

[SQL]|2011-05-01 10:16:48|(0.00050)|[SELECT * FROM inter_options]

[SQL]|2011-05-01 10:16:48|(0.00060)|[SELECT u.*,s.* FROM inter_users u INNER JOIN inter_sessions s ON u.uid = s.uid WHERE s.sid = '8l6tqjndm08lslktqtpr2qm4v4']

[SQL]|2011-05-01 10:16:48|(0.00050)|[SELECT * FROM inter_core WHERE status = 1 ORDER BY weight ASC]

[SQL]|2011-05-01 10:16:48|(0.00050)|[DELETE FROM inter_cache WHERE expired < 1304245008]

[SQL]|2011-05-01 10:16:48|(0.00050)|[UPDATE inter_options SET value = 'i:1304245008;' WHERE name = 'cache_clear_corn']

[SQL]|2011-05-01 10:17:01|(0.00020)|[SET NAMES "utf8"]

[SQL]|2011-05-01 10:17:01|(0.00110)|[SELECT * FROM inter_options]

[SQL]|2011-05-01 10:17:01|(0.00070)|[SELECT u.*,s.* FROM inter_users u INNER JOIN inter_sessions s ON u.uid = s.uid WHERE s.sid = '8l6tqjndm08lslktqtpr2qm4v4']

[SQL]|2011-05-01 10:17:01|(0.00060)|[SELECT * FROM inter_core WHERE status = 1 ORDER BY weight ASC]

[SQL]|2011-05-01 10:17:07|(0.00070)|[SET NAMES "utf8"]

[SQL]|2011-05-01 10:17:07|(0.00100)|[SELECT * FROM inter_options]

[SQL]|2011-05-01 10:17:07|(0.00080)|[SELECT u.*,s.* FROM inter_users u INNER JOIN inter_sessions s ON u.uid = s.uid WHERE s.sid = '8l6tqjndm08lslktqtpr2qm4v4']

[SQL]|2011-05-01 10:17:07|(0.00040)|[SET NAMES "utf8"]

[SQL]|2011-05-01 10:17:07|(0.00060)|[SELECT * FROM inter_options]

[SQL]|2011-05-01 10:17:07|(0.00060)|[SELECT * FROM inter_core WHERE status = 1 ORDER BY weight ASC]

[SQL]|2011-05-01 10:17:07|(0.00090)|[SELECT u.*,s.* FROM inter_users u INNER JOIN inter_sessions s ON u.uid = s.uid WHERE s.sid = '8l6tqjndm08lslktqtpr2qm4v4']

[SQL]|2011-05-01 10:17:07|(0.00060)|[SELECT * FROM inter_core WHERE status = 1 ORDER BY weight ASC]

[SQL]|2011-05-01 10:17:07|(0.00040)|[SET NAMES "utf8"]

[SQL]|2011-05-01 10:17:07|(0.00090)|[SELECT * FROM inter_options]

[SQL]|2011-05-01 10:17:07|(0.00070)|[SELECT u.*,s.* FROM inter_users u INNER JOIN inter_sessions s ON u.uid = s.uid WHERE s.sid = '8l6tqjndm08lslktqtpr2qm4v4']

[SQL]|2011-05-01 10:17:07|(0.00030)|[SET NAMES "utf8"]

[SQL]|2011-05-01 10:17:07|(0.00050)|[SELECT * FROM inter_core WHERE status = 1 ORDER BY weight ASC]

[SQL]|2011-05-01 10:17:07|(0.00100)|[SELECT * FROM inter_options]

[SQL]|2011-05-01 10:17:07|(0.00110)|[SELECT u.*,s.* FROM inter_users u INNER JOIN inter_sessions s ON u.uid = s.uid WHERE s.sid = '8l6tqjndm08lslktqtpr2qm4v4']

[SQL]|2011-05-01 10:17:07|(0.00060)|[SELECT * FROM inter_core WHERE status = 1 ORDER BY weight ASC]

[SQL]|2011-05-01 10:17:08|(0.00030)|[SET NAMES "utf8"]

[SQL]|2011-05-01 10:17:08|(0.00090)|[SELECT * FROM inter_options]

[SQL]|2011-05-01 10:17:08|(0.00070)|[SELECT u.*,s.* FROM inter_users u INNER JOIN inter_sessions s ON u.uid = s.uid WHERE s.sid = '8l6tqjndm08lslktqtpr2qm4v4']

[SQL]|2011-05-01 10:17:08|(0.00070)|[SELECT * FROM inter_core WHERE status = 1 ORDER BY weight ASC]

[SQL]|2011-05-01 10:23:25|(0.00020)|[SET NAMES "utf8"]

[SQL]|2011-05-01 10:23:25|(0.00090)|[SELECT * FROM inter_options]

[SQL]|2011-05-01 10:23:25|(0.00090)|[SELECT u.*,s.* FROM inter_users u INNER JOIN inter_sessions s ON u.uid = s.uid WHERE s.sid = '8l6tqjndm08lslktqtpr2qm4v4']

[SQL]|2011-05-01 10:23:25|(0.00160)|[SELECT * FROM inter_core WHERE status = 1 ORDER BY weight ASC]

[SQL]|2011-05-01 10:23:25|(0.00100)|[DELETE FROM inter_cache WHERE expired < 1304245405]

[SQL]|2011-05-01 10:23:25|(0.00060)|[UPDATE inter_options SET value = 'i:1304245405;' WHERE name = 'cache_clear_corn']

[SQL]|2011-05-01 10:23:51|(0.00030)|[SET NAMES "utf8"]

[SQL]|2011-05-01 10:23:51|(0.00040)|[SELECT * FROM inter_options]

[SQL]|2011-05-01 10:23:51|(0.00050)|[SELECT u.*,s.* FROM inter_users u INNER JOIN inter_sessions s ON u.uid = s.uid WHERE s.sid = '8l6tqjndm08lslktqtpr2qm4v4']

[SQL]|2011-05-01 10:23:51|(0.00100)|[SELECT * FROM inter_core WHERE status = 1 ORDER BY weight ASC]

[SQL]|2011-05-01 10:25:09|(0.00050)|[SET NAMES "utf8"]

[SQL]|2011-05-01 10:25:09|(0.00050)|[SELECT * FROM inter_options]

[SQL]|2011-05-01 10:25:09|(0.00060)|[SELECT u.*,s.* FROM inter_users u INNER JOIN inter_sessions s ON u.uid = s.uid WHERE s.sid = '8l6tqjndm08lslktqtpr2qm4v4']

[SQL]|2011-05-01 10:25:09|(0.00050)|[SELECT * FROM inter_core WHERE status = 1 ORDER BY weight ASC]

[SQL]|2011-05-01 10:25:22|(0.00020)|[SET NAMES "utf8"]

[SQL]|2011-05-01 10:25:22|(0.00040)|[SELECT * FROM inter_options]

[SQL]|2011-05-01 10:25:22|(0.00060)|[SELECT u.*,s.* FROM inter_users u INNER JOIN inter_sessions s ON u.uid = s.uid WHERE s.sid = '8l6tqjndm08lslktqtpr2qm4v4']

[SQL]|2011-05-01 10:25:22|(0.00060)|[SELECT * FROM inter_core WHERE status = 1 ORDER BY weight ASC]

[SQL]|2011-05-01 10:28:28|(0.00050)|[SET NAMES "utf8"]

[SQL]|2011-05-01 10:28:28|(0.00050)|[SELECT * FROM inter_options]

[SQL]|2011-05-01 10:28:28|(0.00060)|[SELECT u.*,s.* FROM inter_users u INNER JOIN inter_sessions s ON u.uid = s.uid WHERE s.sid = '8l6tqjndm08lslktqtpr2qm4v4']

[SQL]|2011-05-01 10:28:28|(0.00050)|[SELECT * FROM inter_core WHERE status = 1 ORDER BY weight ASC]

[SQL]|2011-05-01 10:28:28|(0.00050)|[DELETE FROM inter_cache WHERE expired < 1304245708]

[SQL]|2011-05-01 10:28:28|(0.00280)|[UPDATE inter_options SET value = 'i:1304245708;' WHERE name = 'cache_clear_corn']

[SQL]|2011-05-01 10:29:08|(0.00230)|[SET NAMES "utf8"]

[SQL]|2011-05-01 10:29:08|(0.00090)|[SELECT * FROM inter_options]

[SQL]|2011-05-01 10:29:08|(0.00060)|[SELECT u.*,s.* FROM inter_users u INNER JOIN inter_sessions s ON u.uid = s.uid WHERE s.sid = 'pir6oqb5n3437eccnpo7192aq1']

[SQL]|2011-05-01 10:29:08|(0.00050)|[SELECT * FROM inter_core WHERE status = 1 ORDER BY weight ASC]

[SQL]|2011-05-01 10:29:09|(0.00020)|[SET NAMES "utf8"]

[SQL]|2011-05-01 10:29:09|(0.00040)|[SELECT * FROM inter_options]

[SQL]|2011-05-01 10:29:09|(0.00060)|[SELECT u.*,s.* FROM inter_users u INNER JOIN inter_sessions s ON u.uid = s.uid WHERE s.sid = 'pir6oqb5n3437eccnpo7192aq1']

[SQL]|2011-05-01 10:29:09|(0.00050)|[SELECT * FROM inter_core WHERE status = 1 ORDER BY weight ASC]

[SQL]|2011-05-01 11:54:55|(0.00880)|[SET NAMES "utf8"]

[SQL]|2011-05-01 11:54:55|(0.00700)|[SELECT * FROM inter_options]

[SQL]|2011-05-01 11:54:55|(0.00540)|[SELECT u.*,s.* FROM inter_users u INNER JOIN inter_sessions s ON u.uid = s.uid WHERE s.sid = '8l6tqjndm08lslktqtpr2qm4v4']

[SQL]|2011-05-01 11:54:55|(0.00330)|[SELECT * FROM inter_core WHERE status = 1 ORDER BY weight ASC]

[SQL]|2011-05-01 11:54:56|(0.03920)|[DELETE FROM inter_cache WHERE expired < 1304250895]

[SQL]|2011-05-01 11:54:56|(0.00060)|[UPDATE inter_options SET value = 'i:1304250896;' WHERE name = 'cache_clear_corn']

[SQL]|2011-05-01 12:45:14|(0.00030)|[SET NAMES "utf8"]

[SQL]|2011-05-01 12:45:14|(0.01010)|[SELECT * FROM inter_options]

[SQL]|2011-05-01 12:45:14|(0.00520)|[SELECT u.*,s.* FROM inter_users u INNER JOIN inter_sessions s ON u.uid = s.uid WHERE s.sid = 'pir6oqb5n3437eccnpo7192aq1']

[SQL]|2011-05-01 12:45:14|(0.00260)|[SELECT * FROM inter_core WHERE status = 1 ORDER BY weight ASC]

[SQL]|2011-05-01 12:45:14|(0.04580)|[DELETE FROM inter_cache WHERE expired < 1304253914]

[SQL]|2011-05-01 12:45:14|(0.00880)|[UPDATE inter_options SET value = 'i:1304253914;' WHERE name = 'cache_clear_corn']

[SQL]|2011-05-01 12:45:17|(0.00020)|[SET NAMES "utf8"]

[SQL]|2011-05-01 12:45:17|(0.00070)|[SELECT * FROM inter_options]

[SQL]|2011-05-01 12:45:17|(0.00060)|[SELECT u.*,s.* FROM inter_users u INNER JOIN inter_sessions s ON u.uid = s.uid WHERE s.sid = 'pir6oqb5n3437eccnpo7192aq1']

[SQL]|2011-05-01 12:45:17|(0.00080)|[SELECT * FROM inter_core WHERE status = 1 ORDER BY weight ASC]

[SQL]|2011-05-01 12:54:46|(0.00020)|[SET NAMES "utf8"]

[SQL]|2011-05-01 12:54:46|(0.00050)|[SELECT * FROM inter_options]

[SQL]|2011-05-01 12:54:46|(0.00060)|[SELECT u.*,s.* FROM inter_users u INNER JOIN inter_sessions s ON u.uid = s.uid WHERE s.sid = '8l6tqjndm08lslktqtpr2qm4v4']

[SQL]|2011-05-01 12:54:46|(0.00060)|[SELECT * FROM inter_core WHERE status = 1 ORDER BY weight ASC]

[SQL]|2011-05-01 12:54:46|(0.00050)|[DELETE FROM inter_cache WHERE expired < 1304254486]

[SQL]|2011-05-01 12:54:46|(0.00090)|[UPDATE inter_options SET value = 'i:1304254486;' WHERE name = 'cache_clear_corn']

[SQL]|2011-05-02 01:23:59|(0.00060)|[SET NAMES "utf8"]

[SQL]|2011-05-02 01:23:59|(0.05730)|[SELECT * FROM inter_options]

[SQL]|2011-05-02 01:23:59|(0.10930)|[SELECT u.*,s.* FROM inter_users u INNER JOIN inter_sessions s ON u.uid = s.uid WHERE s.sid = 'pir6oqb5n3437eccnpo7192aq1']

[SQL]|2011-05-02 01:24:00|(0.04020)|[SELECT * FROM inter_core WHERE status = 1 ORDER BY weight ASC]

[SQL]|2011-05-02 01:24:00|(0.06480)|[DELETE FROM inter_cache WHERE expired < 1304299440]

[SQL]|2011-05-02 01:24:00|(0.00220)|[UPDATE inter_options SET value = 'i:1304299440;' WHERE name = 'cache_clear_corn']

[SQL]|2011-05-02 01:24:47|(0.00040)|[SET NAMES "utf8"]

[SQL]|2011-05-02 01:24:47|(0.00060)|[SELECT * FROM inter_options]

[SQL]|2011-05-02 01:24:47|(0.00080)|[SELECT u.*,s.* FROM inter_users u INNER JOIN inter_sessions s ON u.uid = s.uid WHERE s.sid = 'pir6oqb5n3437eccnpo7192aq1']

[SQL]|2011-05-02 01:24:47|(0.00120)|[SELECT * FROM inter_core WHERE status = 1 ORDER BY weight ASC]

[SQL]|2011-05-02 01:24:59|(0.00030)|[SET NAMES "utf8"]

[SQL]|2011-05-02 01:24:59|(0.00050)|[SELECT * FROM inter_options]

[SQL]|2011-05-02 01:24:59|(0.00100)|[SELECT u.*,s.* FROM inter_users u INNER JOIN inter_sessions s ON u.uid = s.uid WHERE s.sid = 'pir6oqb5n3437eccnpo7192aq1']

[SQL]|2011-05-02 01:24:59|(0.00130)|[SELECT * FROM inter_core WHERE status = 1 ORDER BY weight ASC]

[SQL]|2011-05-02 01:25:50|(0.00260)|[SET NAMES "utf8"]

[SQL]|2011-05-02 01:25:50|(0.00190)|[SELECT * FROM inter_options]

[SQL]|2011-05-02 01:25:50|(0.00110)|[SELECT u.*,s.* FROM inter_users u INNER JOIN inter_sessions s ON u.uid = s.uid WHERE s.sid = 'pir6oqb5n3437eccnpo7192aq1']

[SQL]|2011-05-02 01:25:50|(0.00100)|[SELECT * FROM inter_core WHERE status = 1 ORDER BY weight ASC]

[SQL]|2011-05-02 01:27:21|(0.00020)|[SET NAMES "utf8"]

[SQL]|2011-05-02 01:27:21|(0.00180)|[SELECT * FROM inter_options]

[SQL]|2011-05-02 01:27:21|(0.00110)|[SELECT u.*,s.* FROM inter_users u INNER JOIN inter_sessions s ON u.uid = s.uid WHERE s.sid = 'pir6oqb5n3437eccnpo7192aq1']

[SQL]|2011-05-02 01:27:21|(0.00060)|[SELECT * FROM inter_core WHERE status = 1 ORDER BY weight ASC]

[SQL]|2011-05-02 01:28:38|(0.00050)|[SET NAMES "utf8"]

[SQL]|2011-05-02 01:28:38|(0.00090)|[SELECT * FROM inter_options]

[SQL]|2011-05-02 01:28:38|(0.00060)|[SELECT u.*,s.* FROM inter_users u INNER JOIN inter_sessions s ON u.uid = s.uid WHERE s.sid = 'pir6oqb5n3437eccnpo7192aq1']

[SQL]|2011-05-02 01:28:38|(0.00250)|[SELECT * FROM inter_core WHERE status = 1 ORDER BY weight ASC]

[SQL]|2011-05-02 01:28:38|(0.01380)|[UPDATE inter_sessions SET hostname = '127.0.0.1', timestamp = 1304299718, data = 'test|s:6:\"123456\";' WHERE sid = 'pir6oqb5n3437eccnpo7192aq1']

[SQL]|2011-05-02 01:47:08|(0.00030)|[SET NAMES "utf8"]

[SQL]|2011-05-02 01:47:08|(0.00040)|[SELECT * FROM inter_options]

[SQL]|2011-05-02 01:47:08|(0.00060)|[SELECT u.*,s.* FROM inter_users u INNER JOIN inter_sessions s ON u.uid = s.uid WHERE s.sid = 'pir6oqb5n3437eccnpo7192aq1']

[SQL]|2011-05-02 01:47:08|(0.00060)|[SELECT * FROM inter_core WHERE status = 1 ORDER BY weight ASC]

[SQL]|2011-05-02 01:47:08|(0.00050)|[DELETE FROM inter_cache WHERE expired < 1304300828]

[SQL]|2011-05-02 01:47:08|(0.00050)|[UPDATE inter_options SET value = 'i:1304300828;' WHERE name = 'cache_clear_corn']

[SQL]|2011-05-02 01:47:51|(0.00020)|[SET NAMES "utf8"]

[SQL]|2011-05-02 01:47:51|(0.00040)|[SELECT * FROM inter_options]

[SQL]|2011-05-02 01:47:51|(0.00350)|[SELECT u.*,s.* FROM inter_users u INNER JOIN inter_sessions s ON u.uid = s.uid WHERE s.sid = 'pir6oqb5n3437eccnpo7192aq1']

[SQL]|2011-05-02 01:47:51|(0.00060)|[SELECT * FROM inter_core WHERE status = 1 ORDER BY weight ASC]

[SQL]|2011-05-02 01:47:51|(0.00040)|[SELECT path FROM inter_url_alias WHERE path_alias='']

[SQL]|2011-05-02 01:50:55|(0.00030)|[SET NAMES "utf8"]

[SQL]|2011-05-02 01:50:55|(0.00040)|[SELECT * FROM inter_options]

[SQL]|2011-05-02 01:50:55|(0.00090)|[SELECT u.*,s.* FROM inter_users u INNER JOIN inter_sessions s ON u.uid = s.uid WHERE s.sid = 'pir6oqb5n3437eccnpo7192aq1']

[SQL]|2011-05-02 01:50:55|(0.00230)|[SELECT * FROM inter_core WHERE status = 1 ORDER BY weight ASC]

[SQL]|2011-05-02 01:51:10|(0.00030)|[SET NAMES "utf8"]

[SQL]|2011-05-02 01:51:10|(0.00160)|[SELECT * FROM inter_options]

[SQL]|2011-05-02 01:51:10|(0.00910)|[SELECT u.*,s.* FROM inter_users u INNER JOIN inter_sessions s ON u.uid = s.uid WHERE s.sid = 'pir6oqb5n3437eccnpo7192aq1']

[SQL]|2011-05-02 01:51:10|(0.00190)|[SELECT * FROM inter_core WHERE status = 1 ORDER BY weight ASC]

[SQL]|2011-05-02 01:51:21|(0.00020)|[SET NAMES "utf8"]

[SQL]|2011-05-02 01:51:21|(0.00060)|[SELECT * FROM inter_options]

[SQL]|2011-05-02 01:51:21|(0.00090)|[SELECT u.*,s.* FROM inter_users u INNER JOIN inter_sessions s ON u.uid = s.uid WHERE s.sid = 'pir6oqb5n3437eccnpo7192aq1']

[SQL]|2011-05-02 01:51:21|(0.00060)|[SELECT * FROM inter_core WHERE status = 1 ORDER BY weight ASC]

[SQL]|2011-05-02 01:51:21|(0.00160)|[SELECT path FROM inter_url_alias WHERE path_alias='asdf']

[SQL]|2011-05-02 01:59:08|(0.00030)|[SET NAMES "utf8"]

[SQL]|2011-05-02 01:59:08|(0.00170)|[SELECT * FROM inter_options]

[SQL]|2011-05-02 01:59:08|(0.00100)|[SELECT u.*,s.* FROM inter_users u INNER JOIN inter_sessions s ON u.uid = s.uid WHERE s.sid = 'pir6oqb5n3437eccnpo7192aq1']

[SQL]|2011-05-02 01:59:08|(0.00060)|[SELECT * FROM inter_core WHERE status = 1 ORDER BY weight ASC]

[SQL]|2011-05-02 01:59:08|(0.00170)|[DELETE FROM inter_cache WHERE expired < 1304301548]

[SQL]|2011-05-02 01:59:08|(0.00080)|[UPDATE inter_options SET value = 'i:1304301548;' WHERE name = 'cache_clear_corn']

[SQL]|2011-05-02 01:59:08|(0.00030)|[SELECT path FROM inter_url_alias WHERE path_alias='asdf']

[SQL]|2011-05-02 01:59:17|(0.00020)|[SET NAMES "utf8"]

[SQL]|2011-05-02 01:59:17|(0.00060)|[SELECT * FROM inter_options]

[SQL]|2011-05-02 01:59:17|(0.00520)|[SELECT u.*,s.* FROM inter_users u INNER JOIN inter_sessions s ON u.uid = s.uid WHERE s.sid = 'pir6oqb5n3437eccnpo7192aq1']

[SQL]|2011-05-02 01:59:17|(0.00070)|[SELECT * FROM inter_core WHERE status = 1 ORDER BY weight ASC]

[SQL]|2011-05-02 01:59:17|(0.00090)|[SELECT path FROM inter_url_alias WHERE path_alias='asdf']

[NOTICE]|2011-05-02 01:59:17|
Array
(
    [0] => asdf
)


[SQL]|2011-05-02 01:59:21|(0.00020)|[SET NAMES "utf8"]

[SQL]|2011-05-02 01:59:21|(0.00050)|[SELECT * FROM inter_options]

[SQL]|2011-05-02 01:59:21|(0.00080)|[SELECT u.*,s.* FROM inter_users u INNER JOIN inter_sessions s ON u.uid = s.uid WHERE s.sid = 'pir6oqb5n3437eccnpo7192aq1']

[SQL]|2011-05-02 01:59:21|(0.00060)|[SELECT * FROM inter_core WHERE status = 1 ORDER BY weight ASC]

[SQL]|2011-05-02 01:59:21|(0.00050)|[SELECT path FROM inter_url_alias WHERE path_alias='asdf/asdf']

[NOTICE]|2011-05-02 01:59:21|
Array
(
    [0] => asdf/asdf
    [1] => asdf/%
)


[SQL]|2011-05-02 01:59:25|(0.00050)|[SET NAMES "utf8"]

[SQL]|2011-05-02 01:59:25|(0.00070)|[SELECT * FROM inter_options]

[SQL]|2011-05-02 01:59:25|(0.00070)|[SELECT u.*,s.* FROM inter_users u INNER JOIN inter_sessions s ON u.uid = s.uid WHERE s.sid = 'pir6oqb5n3437eccnpo7192aq1']

[SQL]|2011-05-02 01:59:25|(0.00050)|[SELECT * FROM inter_core WHERE status = 1 ORDER BY weight ASC]

[SQL]|2011-05-02 01:59:25|(0.00050)|[SELECT path FROM inter_url_alias WHERE path_alias='asdf/asdf/asdf']

[NOTICE]|2011-05-02 01:59:25|
Array
(
    [0] => asdf/asdf/asdf
    [1] => asdf/asdf/%
    [2] => asdf/%/asdf
    [3] => asdf/%/%
)


[SQL]|2011-05-02 01:59:34|(0.00050)|[SET NAMES "utf8"]

[SQL]|2011-05-02 01:59:34|(0.00060)|[SELECT * FROM inter_options]

[SQL]|2011-05-02 01:59:34|(0.00120)|[SELECT u.*,s.* FROM inter_users u INNER JOIN inter_sessions s ON u.uid = s.uid WHERE s.sid = 'pir6oqb5n3437eccnpo7192aq1']

[SQL]|2011-05-02 01:59:34|(0.00110)|[SELECT * FROM inter_core WHERE status = 1 ORDER BY weight ASC]

[SQL]|2011-05-02 01:59:34|(0.00050)|[SELECT path FROM inter_url_alias WHERE path_alias='asdf/asdf/asdf/rty/rty/ui/hjhk/gfj']

[NOTICE]|2011-05-02 01:59:34|
Array
(
    [0] => asdf/asdf/asdf/rty/rty/ui/hjhk/gfj
    [1] => asdf/asdf/asdf/rty/rty/ui/hjhk/%
    [2] => asdf/asdf/asdf/rty/rty/ui/%/gfj
    [3] => asdf/asdf/asdf/rty/rty/%/hjhk/gfj
    [4] => asdf/asdf/asdf/rty/%/ui/hjhk/gfj
    [5] => asdf/asdf/asdf/%/rty/ui/hjhk/gfj
    [6] => asdf/asdf/%/rty/rty/ui/hjhk/gfj
    [7] => asdf/%/asdf/rty/rty/ui/hjhk/gfj
    [8] => asdf/asdf/asdf/rty/rty/ui/%/%
    [9] => asdf/asdf/asdf/rty/rty/%/hjhk/%
    [10] => asdf/asdf/asdf/rty/%/ui/hjhk/%
    [11] => asdf/asdf/asdf/%/rty/ui/hjhk/%
    [12] => asdf/asdf/%/rty/rty/ui/hjhk/%
    [13] => asdf/%/asdf/rty/rty/ui/hjhk/%
    [14] => asdf/asdf/asdf/rty/rty/%/%/gfj
    [15] => asdf/asdf/asdf/rty/%/ui/%/gfj
    [16] => asdf/asdf/asdf/%/rty/ui/%/gfj
    [17] => asdf/asdf/%/rty/rty/ui/%/gfj
    [18] => asdf/%/asdf/rty/rty/ui/%/gfj
    [19] => asdf/asdf/asdf/rty/%/%/hjhk/gfj
    [20] => asdf/asdf/asdf/%/rty/%/hjhk/gfj
    [21] => asdf/asdf/%/rty/rty/%/hjhk/gfj
    [22] => asdf/%/asdf/rty/rty/%/hjhk/gfj
    [23] => asdf/asdf/asdf/%/%/ui/hjhk/gfj
    [24] => asdf/asdf/%/rty/%/ui/hjhk/gfj
    [25] => asdf/%/asdf/rty/%/ui/hjhk/gfj
    [26] => asdf/asdf/%/%/rty/ui/hjhk/gfj
    [27] => asdf/%/asdf/%/rty/ui/hjhk/gfj
    [28] => asdf/%/%/rty/rty/ui/hjhk/gfj
    [29] => asdf/asdf/asdf/rty/rty/%/%/%
    [30] => asdf/asdf/asdf/rty/%/ui/%/%
    [31] => asdf/asdf/asdf/%/rty/ui/%/%
    [32] => asdf/asdf/%/rty/rty/ui/%/%
    [33] => asdf/%/asdf/rty/rty/ui/%/%
    [34] => asdf/asdf/asdf/rty/%/%/hjhk/%
    [35] => asdf/asdf/asdf/%/rty/%/hjhk/%
    [36] => asdf/asdf/%/rty/rty/%/hjhk/%
    [37] => asdf/%/asdf/rty/rty/%/hjhk/%
    [38] => asdf/asdf/asdf/%/%/ui/hjhk/%
    [39] => asdf/asdf/%/rty/%/ui/hjhk/%
    [40] => asdf/%/asdf/rty/%/ui/hjhk/%
    [41] => asdf/asdf/%/%/rty/ui/hjhk/%
    [42] => asdf/%/asdf/%/rty/ui/hjhk/%
    [43] => asdf/%/%/rty/rty/ui/hjhk/%
    [44] => asdf/asdf/asdf/rty/%/%/%/gfj
    [45] => asdf/asdf/asdf/%/rty/%/%/gfj
    [46] => asdf/asdf/%/rty/rty/%/%/gfj
    [47] => asdf/%/asdf/rty/rty/%/%/gfj
    [48] => asdf/asdf/asdf/%/%/ui/%/gfj
    [49] => asdf/asdf/%/rty/%/ui/%/gfj
    [50] => asdf/%/asdf/rty/%/ui/%/gfj
    [51] => asdf/asdf/%/%/rty/ui/%/gfj
    [52] => asdf/%/asdf/%/rty/ui/%/gfj
    [53] => asdf/%/%/rty/rty/ui/%/gfj
    [54] => asdf/asdf/asdf/%/%/%/hjhk/gfj
    [55] => asdf/asdf/%/rty/%/%/hjhk/gfj
    [56] => asdf/%/asdf/rty/%/%/hjhk/gfj
    [57] => asdf/asdf/%/%/%/ui/hjhk/gfj
    [58] => asdf/%/asdf/%/%/ui/hjhk/gfj
    [59] => asdf/%/%/%/rty/ui/hjhk/gfj
    [60] => asdf/asdf/asdf/rty/%/%/%/%
    [61] => asdf/asdf/asdf/%/rty/%/%/%
    [62] => asdf/asdf/%/rty/rty/%/%/%
    [63] => asdf/%/asdf/rty/rty/%/%/%
    [64] => asdf/asdf/asdf/%/%/ui/%/%
    [65] => asdf/asdf/%/rty/%/ui/%/%
    [66] => asdf/%/asdf/rty/%/ui/%/%
    [67] => asdf/asdf/%/%/rty/ui/%/%
    [68] => asdf/%/asdf/%/rty/ui/%/%
    [69] => asdf/%/%/rty/rty/ui/%/%
    [70] => asdf/asdf/asdf/%/%/%/hjhk/%
    [71] => asdf/asdf/%/rty/%/%/hjhk/%
    [72] => asdf/%/asdf/rty/%/%/hjhk/%
    [73] => asdf/asdf/%/%/rty/%/hjhk/%
    [74] => asdf/%/asdf/%/rty/%/hjhk/%
    [75] => asdf/%/%/rty/rty/%/hjhk/%
    [76] => asdf/asdf/%/%/%/ui/hjhk/%
    [77] => asdf/%/asdf/%/%/ui/hjhk/%
    [78] => asdf/%/%/rty/%/ui/hjhk/%
    [79] => asdf/%/%/%/rty/ui/hjhk/%
    [80] => asdf/asdf/asdf/%/%/%/%/gfj
    [81] => asdf/asdf/%/rty/%/%/%/gfj
    [82] => asdf/%/asdf/rty/%/%/%/gfj
    [83] => asdf/asdf/%/%/rty/%/%/gfj
    [84] => asdf/%/asdf/%/rty/%/%/gfj
    [85] => asdf/asdf/%/%/%/ui/%/gfj
    [86] => asdf/%/asdf/%/%/ui/%/gfj
    [87] => asdf/%/%/rty/%/ui/%/gfj
    [88] => asdf/%/%/%/rty/ui/%/gfj
    [89] => asdf/asdf/%/%/%/%/hjhk/gfj
    [90] => asdf/%/asdf/%/%/%/hjhk/gfj
    [91] => asdf/%/%/rty/%/%/hjhk/gfj
    [92] => asdf/%/%/%/rty/%/hjhk/gfj
    [93] => asdf/%/%/%/%/ui/hjhk/gfj
    [94] => asdf/asdf/asdf/%/%/%/%/%
    [95] => asdf/asdf/%/rty/%/%/%/%
    [96] => asdf/%/asdf/rty/%/%/%/%
    [97] => asdf/asdf/%/%/rty/%/%/%
    [98] => asdf/%/asdf/%/rty/%/%/%
    [99] => asdf/%/%/rty/%/ui/%/%
    [100] => asdf/%/%/%/rty/ui/%/%
    [101] => asdf/asdf/%/%/%/%/%/gfj
    [102] => asdf/%/asdf/%/%/%/%/gfj
    [103] => asdf/%/%/%/rty/%/%/gfj
    [104] => asdf/%/%/%/%/ui/%/gfj
    [105] => asdf/%/%/%/%/%/hjhk/gfj
    [106] => asdf/asdf/%/%/%/%/%/%
    [107] => asdf/%/asdf/%/%/%/%/%
    [108] => asdf/%/%/rty/%/%/%/%
    [109] => asdf/%/%/%/rty/%/%/%
    [110] => asdf/%/%/%/%/ui/%/%
    [111] => asdf/%/%/%/%/%/hjhk/%
    [112] => asdf/%/%/%/%/%/%/gfj
    [113] => asdf/%/%/%/%/%/%/%
)


[SQL]|2011-05-02 01:59:56|(0.00090)|[SET NAMES "utf8"]

[SQL]|2011-05-02 01:59:56|(0.00080)|[SELECT * FROM inter_options]

[SQL]|2011-05-02 01:59:56|(0.00070)|[SELECT u.*,s.* FROM inter_users u INNER JOIN inter_sessions s ON u.uid = s.uid WHERE s.sid = 'pir6oqb5n3437eccnpo7192aq1']

[SQL]|2011-05-02 01:59:56|(0.00060)|[SELECT * FROM inter_core WHERE status = 1 ORDER BY weight ASC]

[SQL]|2011-05-02 01:59:56|(0.00040)|[SELECT path FROM inter_url_alias WHERE path_alias='asdf/asdf/asdf/rty/rty/ui/hjhk/gfj/345/sdf']

[NOTICE]|2011-05-02 01:59:56|
Array
(
    [0] => asdf/asdf/asdf/rty/rty/ui/hjhk/gfj/345/sdf
    [1] => asdf/asdf/asdf/rty/rty/ui/hjhk/%
    [2] => asdf/asdf/asdf/rty/rty/ui/%/gfj/345/sdf
    [3] => asdf/asdf/asdf/rty/rty/%/hjhk/gfj/345/sdf
    [4] => asdf/asdf/asdf/rty/%/ui/hjhk/gfj/345/sdf
    [5] => asdf/asdf/asdf/%/rty/ui/hjhk/gfj/345/sdf
    [6] => asdf/asdf/%/rty/rty/ui/hjhk/gfj/345/sdf
    [7] => asdf/%/asdf/rty/rty/ui/hjhk/gfj/345/sdf
    [8] => asdf/asdf/asdf/rty/rty/ui/%/%
    [9] => asdf/asdf/asdf/rty/rty/%/hjhk/%
    [10] => asdf/asdf/asdf/rty/%/ui/hjhk/%
    [11] => asdf/asdf/asdf/%/rty/ui/hjhk/%
    [12] => asdf/asdf/%/rty/rty/ui/hjhk/%
    [13] => asdf/%/asdf/rty/rty/ui/hjhk/%
    [14] => asdf/asdf/asdf/rty/rty/%/%/gfj/345/sdf
    [15] => asdf/asdf/asdf/rty/%/ui/%/gfj/345/sdf
    [16] => asdf/asdf/asdf/%/rty/ui/%/gfj/345/sdf
    [17] => asdf/asdf/%/rty/rty/ui/%/gfj/345/sdf
    [18] => asdf/%/asdf/rty/rty/ui/%/gfj/345/sdf
    [19] => asdf/asdf/asdf/rty/%/%/hjhk/gfj/345/sdf
    [20] => asdf/asdf/asdf/%/rty/%/hjhk/gfj/345/sdf
    [21] => asdf/asdf/%/rty/rty/%/hjhk/gfj/345/sdf
    [22] => asdf/%/asdf/rty/rty/%/hjhk/gfj/345/sdf
    [23] => asdf/asdf/asdf/%/%/ui/hjhk/gfj/345/sdf
    [24] => asdf/asdf/%/rty/%/ui/hjhk/gfj/345/sdf
    [25] => asdf/%/asdf/rty/%/ui/hjhk/gfj/345/sdf
    [26] => asdf/asdf/%/%/rty/ui/hjhk/gfj/345/sdf
    [27] => asdf/%/asdf/%/rty/ui/hjhk/gfj/345/sdf
    [28] => asdf/%/%/rty/rty/ui/hjhk/gfj/345/sdf
    [29] => asdf/asdf/asdf/rty/rty/%/%/%
    [30] => asdf/asdf/asdf/rty/%/ui/%/%
    [31] => asdf/asdf/asdf/%/rty/ui/%/%
    [32] => asdf/asdf/%/rty/rty/ui/%/%
    [33] => asdf/%/asdf/rty/rty/ui/%/%
    [34] => asdf/asdf/asdf/rty/%/%/hjhk/%
    [35] => asdf/asdf/asdf/%/rty/%/hjhk/%
    [36] => asdf/asdf/%/rty/rty/%/hjhk/%
    [37] => asdf/%/asdf/rty/rty/%/hjhk/%
    [38] => asdf/asdf/asdf/%/%/ui/hjhk/%
    [39] => asdf/asdf/%/rty/%/ui/hjhk/%
    [40] => asdf/%/asdf/rty/%/ui/hjhk/%
    [41] => asdf/asdf/%/%/rty/ui/hjhk/%
    [42] => asdf/%/asdf/%/rty/ui/hjhk/%
    [43] => asdf/%/%/rty/rty/ui/hjhk/%
    [44] => asdf/asdf/asdf/rty/%/%/%/gfj/345/sdf
    [45] => asdf/asdf/asdf/%/rty/%/%/gfj/345/sdf
    [46] => asdf/asdf/%/rty/rty/%/%/gfj/345/sdf
    [47] => asdf/%/asdf/rty/rty/%/%/gfj/345/sdf
    [48] => asdf/asdf/asdf/%/%/ui/%/gfj/345/sdf
    [49] => asdf/asdf/%/rty/%/ui/%/gfj/345/sdf
    [50] => asdf/%/asdf/rty/%/ui/%/gfj/345/sdf
    [51] => asdf/asdf/%/%/rty/ui/%/gfj/345/sdf
    [52] => asdf/%/asdf/%/rty/ui/%/gfj/345/sdf
    [53] => asdf/%/%/rty/rty/ui/%/gfj/345/sdf
    [54] => asdf/asdf/asdf/%/%/%/hjhk/gfj/345/sdf
    [55] => asdf/asdf/%/rty/%/%/hjhk/gfj/345/sdf
    [56] => asdf/%/asdf/rty/%/%/hjhk/gfj/345/sdf
    [57] => asdf/asdf/%/%/%/ui/hjhk/gfj/345/sdf
    [58] => asdf/%/asdf/%/%/ui/hjhk/gfj/345/sdf
    [59] => asdf/%/%/%/rty/ui/hjhk/gfj/345/sdf
    [60] => asdf/asdf/asdf/rty/%/%/%/%
    [61] => asdf/asdf/asdf/%/rty/%/%/%
    [62] => asdf/asdf/%/rty/rty/%/%/%
    [63] => asdf/%/asdf/rty/rty/%/%/%
    [64] => asdf/asdf/asdf/%/%/ui/%/%
    [65] => asdf/asdf/%/rty/%/ui/%/%
    [66] => asdf/%/asdf/rty/%/ui/%/%
    [67] => asdf/asdf/%/%/rty/ui/%/%
    [68] => asdf/%/asdf/%/rty/ui/%/%
    [69] => asdf/%/%/rty/rty/ui/%/%
    [70] => asdf/asdf/asdf/%/%/%/hjhk/%
    [71] => asdf/asdf/%/rty/%/%/hjhk/%
    [72] => asdf/%/asdf/rty/%/%/hjhk/%
    [73] => asdf/asdf/%/%/rty/%/hjhk/%
    [74] => asdf/%/asdf/%/rty/%/hjhk/%
    [75] => asdf/%/%/rty/rty/%/hjhk/%
    [76] => asdf/asdf/%/%/%/ui/hjhk/%
    [77] => asdf/%/asdf/%/%/ui/hjhk/%
    [78] => asdf/%/%/rty/%/ui/hjhk/%
    [79] => asdf/%/%/%/rty/ui/hjhk/%
    [80] => asdf/asdf/asdf/%/%/%/%/gfj/345/sdf
    [81] => asdf/asdf/%/rty/%/%/%/gfj/345/sdf
    [82] => asdf/%/asdf/rty/%/%/%/gfj/345/sdf
    [83] => asdf/asdf/%/%/rty/%/%/gfj/345/sdf
    [84] => asdf/%/asdf/%/rty/%/%/gfj/345/sdf
    [85] => asdf/asdf/%/%/%/ui/%/gfj/345/sdf
    [86] => asdf/%/asdf/%/%/ui/%/gfj/345/sdf
    [87] => asdf/%/%/rty/%/ui/%/gfj/345/sdf
    [88] => asdf/%/%/%/rty/ui/%/gfj/345/sdf
    [89] => asdf/asdf/%/%/%/%/hjhk/gfj/345/sdf
    [90] => asdf/%/asdf/%/%/%/hjhk/gfj/345/sdf
    [91] => asdf/%/%/rty/%/%/hjhk/gfj/345/sdf
    [92] => asdf/%/%/%/rty/%/hjhk/gfj/345/sdf
    [93] => asdf/%/%/%/%/ui/hjhk/gfj/345/sdf
    [94] => asdf/asdf/asdf/%/%/%/%/%
    [95] => asdf/asdf/%/rty/%/%/%/%
    [96] => asdf/%/asdf/rty/%/%/%/%
    [97] => asdf/asdf/%/%/rty/%/%/%
    [98] => asdf/%/asdf/%/rty/%/%/%
    [99] => asdf/%/%/rty/%/ui/%/%
    [100] => asdf/%/%/%/rty/ui/%/%
    [101] => asdf/asdf/%/%/%/%/%/gfj/345/sdf
    [102] => asdf/%/asdf/%/%/%/%/gfj/345/sdf
    [103] => asdf/%/%/%/rty/%/%/gfj/345/sdf
    [104] => asdf/%/%/%/%/ui/%/gfj/345/sdf
    [105] => asdf/%/%/%/%/%/hjhk/gfj/345/sdf
    [106] => asdf/asdf/%/%/%/%/%/%
    [107] => asdf/%/asdf/%/%/%/%/%
    [108] => asdf/%/%/rty/%/%/%/%
    [109] => asdf/%/%/%/rty/%/%/%
    [110] => asdf/%/%/%/%/ui/%/%
    [111] => asdf/%/%/%/%/%/hjhk/%
    [112] => asdf/%/%/%/%/%/%/gfj/345/sdf
    [113] => asdf/%/%/%/%/%/%/%
)


[SQL]|2011-05-02 02:03:11|(0.00040)|[SET NAMES "utf8"]

[SQL]|2011-05-02 02:03:11|(0.00060)|[SELECT * FROM inter_options]

[SQL]|2011-05-02 02:03:11|(0.00060)|[SELECT u.*,s.* FROM inter_users u INNER JOIN inter_sessions s ON u.uid = s.uid WHERE s.sid = 'pir6oqb5n3437eccnpo7192aq1']

[SQL]|2011-05-02 02:03:11|(0.00050)|[SELECT * FROM inter_core WHERE status = 1 ORDER BY weight ASC]

[SQL]|2011-05-02 02:03:45|(0.00020)|[SET NAMES "utf8"]

[SQL]|2011-05-02 02:03:45|(0.00050)|[SELECT * FROM inter_options]

[SQL]|2011-05-02 02:03:45|(0.00080)|[SELECT u.*,s.* FROM inter_users u INNER JOIN inter_sessions s ON u.uid = s.uid WHERE s.sid = 'pir6oqb5n3437eccnpo7192aq1']

[SQL]|2011-05-02 02:03:45|(0.00090)|[SELECT * FROM inter_core WHERE status = 1 ORDER BY weight ASC]

[SQL]|2011-05-02 02:03:45|(0.00050)|[SELECT path FROM inter_url_alias WHERE path_alias='asdf/asdf/asdf/rty/rty/ui/hjhk/gfj/345/sdf']

[NOTICE]|2011-05-02 02:03:45|
Array
(
    [0] => asdf/asdf/asdf/rty/rty/ui/hjhk/gfj/345/sdf
    [1] => asdf/asdf/asdf/rty/rty/ui/hjhk/%
    [2] => asdf/asdf/asdf/rty/rty/ui/%/gfj/345/sdf
    [3] => asdf/asdf/asdf/rty/rty/%/hjhk/gfj/345/sdf
    [4] => asdf/asdf/asdf/rty/%/ui/hjhk/gfj/345/sdf
    [5] => asdf/asdf/asdf/%/rty/ui/hjhk/gfj/345/sdf
    [6] => asdf/asdf/%/rty/rty/ui/hjhk/gfj/345/sdf
    [7] => asdf/%/asdf/rty/rty/ui/hjhk/gfj/345/sdf
    [8] => asdf/asdf/asdf/rty/rty/ui/%/%
    [9] => asdf/asdf/asdf/rty/rty/%/hjhk/%
    [10] => asdf/asdf/asdf/rty/%/ui/hjhk/%
    [11] => asdf/asdf/asdf/%/rty/ui/hjhk/%
    [12] => asdf/asdf/%/rty/rty/ui/hjhk/%
    [13] => asdf/%/asdf/rty/rty/ui/hjhk/%
    [14] => asdf/asdf/asdf/rty/rty/%/%/gfj/345/sdf
    [15] => asdf/asdf/asdf/rty/%/ui/%/gfj/345/sdf
    [16] => asdf/asdf/asdf/%/rty/ui/%/gfj/345/sdf
    [17] => asdf/asdf/%/rty/rty/ui/%/gfj/345/sdf
    [18] => asdf/%/asdf/rty/rty/ui/%/gfj/345/sdf
    [19] => asdf/asdf/asdf/rty/%/%/hjhk/gfj/345/sdf
    [20] => asdf/asdf/asdf/%/rty/%/hjhk/gfj/345/sdf
    [21] => asdf/asdf/%/rty/rty/%/hjhk/gfj/345/sdf
    [22] => asdf/%/asdf/rty/rty/%/hjhk/gfj/345/sdf
    [23] => asdf/asdf/asdf/%/%/ui/hjhk/gfj/345/sdf
    [24] => asdf/asdf/%/rty/%/ui/hjhk/gfj/345/sdf
    [25] => asdf/%/asdf/rty/%/ui/hjhk/gfj/345/sdf
    [26] => asdf/asdf/%/%/rty/ui/hjhk/gfj/345/sdf
    [27] => asdf/%/asdf/%/rty/ui/hjhk/gfj/345/sdf
    [28] => asdf/%/%/rty/rty/ui/hjhk/gfj/345/sdf
    [29] => asdf/asdf/asdf/rty/rty/%/%/%
    [30] => asdf/asdf/asdf/rty/%/ui/%/%
    [31] => asdf/asdf/asdf/%/rty/ui/%/%
    [32] => asdf/asdf/%/rty/rty/ui/%/%
    [33] => asdf/%/asdf/rty/rty/ui/%/%
    [34] => asdf/asdf/asdf/rty/%/%/hjhk/%
    [35] => asdf/asdf/asdf/%/rty/%/hjhk/%
    [36] => asdf/asdf/%/rty/rty/%/hjhk/%
    [37] => asdf/%/asdf/rty/rty/%/hjhk/%
    [38] => asdf/asdf/asdf/%/%/ui/hjhk/%
    [39] => asdf/asdf/%/rty/%/ui/hjhk/%
    [40] => asdf/%/asdf/rty/%/ui/hjhk/%
    [41] => asdf/asdf/%/%/rty/ui/hjhk/%
    [42] => asdf/%/asdf/%/rty/ui/hjhk/%
    [43] => asdf/%/%/rty/rty/ui/hjhk/%
    [44] => asdf/asdf/asdf/rty/%/%/%/gfj/345/sdf
    [45] => asdf/asdf/asdf/%/rty/%/%/gfj/345/sdf
    [46] => asdf/asdf/%/rty/rty/%/%/gfj/345/sdf
    [47] => asdf/%/asdf/rty/rty/%/%/gfj/345/sdf
    [48] => asdf/asdf/asdf/%/%/ui/%/gfj/345/sdf
    [49] => asdf/asdf/%/rty/%/ui/%/gfj/345/sdf
    [50] => asdf/%/asdf/rty/%/ui/%/gfj/345/sdf
    [51] => asdf/asdf/%/%/rty/ui/%/gfj/345/sdf
    [52] => asdf/%/asdf/%/rty/ui/%/gfj/345/sdf
    [53] => asdf/%/%/rty/rty/ui/%/gfj/345/sdf
    [54] => asdf/asdf/asdf/%/%/%/hjhk/gfj/345/sdf
    [55] => asdf/asdf/%/rty/%/%/hjhk/gfj/345/sdf
    [56] => asdf/%/asdf/rty/%/%/hjhk/gfj/345/sdf
    [57] => asdf/asdf/%/%/%/ui/hjhk/gfj/345/sdf
    [58] => asdf/%/asdf/%/%/ui/hjhk/gfj/345/sdf
    [59] => asdf/%/%/%/rty/ui/hjhk/gfj/345/sdf
    [60] => asdf/asdf/asdf/rty/%/%/%/%
    [61] => asdf/asdf/asdf/%/rty/%/%/%
    [62] => asdf/asdf/%/rty/rty/%/%/%
    [63] => asdf/%/asdf/rty/rty/%/%/%
    [64] => asdf/asdf/asdf/%/%/ui/%/%
    [65] => asdf/asdf/%/rty/%/ui/%/%
    [66] => asdf/%/asdf/rty/%/ui/%/%
    [67] => asdf/asdf/%/%/rty/ui/%/%
    [68] => asdf/%/asdf/%/rty/ui/%/%
    [69] => asdf/%/%/rty/rty/ui/%/%
    [70] => asdf/asdf/asdf/%/%/%/hjhk/%
    [71] => asdf/asdf/%/rty/%/%/hjhk/%
    [72] => asdf/%/asdf/rty/%/%/hjhk/%
    [73] => asdf/asdf/%/%/rty/%/hjhk/%
    [74] => asdf/%/asdf/%/rty/%/hjhk/%
    [75] => asdf/%/%/rty/rty/%/hjhk/%
    [76] => asdf/asdf/%/%/%/ui/hjhk/%
    [77] => asdf/%/asdf/%/%/ui/hjhk/%
    [78] => asdf/%/%/rty/%/ui/hjhk/%
    [79] => asdf/%/%/%/rty/ui/hjhk/%
    [80] => asdf/asdf/asdf/%/%/%/%/gfj/345/sdf
    [81] => asdf/asdf/%/rty/%/%/%/gfj/345/sdf
    [82] => asdf/%/asdf/rty/%/%/%/gfj/345/sdf
    [83] => asdf/asdf/%/%/rty/%/%/gfj/345/sdf
    [84] => asdf/%/asdf/%/rty/%/%/gfj/345/sdf
    [85] => asdf/asdf/%/%/%/ui/%/gfj/345/sdf
    [86] => asdf/%/asdf/%/%/ui/%/gfj/345/sdf
    [87] => asdf/%/%/rty/%/ui/%/gfj/345/sdf
    [88] => asdf/%/%/%/rty/ui/%/gfj/345/sdf
    [89] => asdf/asdf/%/%/%/%/hjhk/gfj/345/sdf
    [90] => asdf/%/asdf/%/%/%/hjhk/gfj/345/sdf
    [91] => asdf/%/%/rty/%/%/hjhk/gfj/345/sdf
    [92] => asdf/%/%/%/rty/%/hjhk/gfj/345/sdf
    [93] => asdf/%/%/%/%/ui/hjhk/gfj/345/sdf
    [94] => asdf/asdf/asdf/%/%/%/%/%
    [95] => asdf/asdf/%/rty/%/%/%/%
    [96] => asdf/%/asdf/rty/%/%/%/%
    [97] => asdf/asdf/%/%/rty/%/%/%
    [98] => asdf/%/asdf/%/rty/%/%/%
    [99] => asdf/%/%/rty/%/ui/%/%
    [100] => asdf/%/%/%/rty/ui/%/%
    [101] => asdf/asdf/%/%/%/%/%/gfj/345/sdf
    [102] => asdf/%/asdf/%/%/%/%/gfj/345/sdf
    [103] => asdf/%/%/%/rty/%/%/gfj/345/sdf
    [104] => asdf/%/%/%/%/ui/%/gfj/345/sdf
    [105] => asdf/%/%/%/%/%/hjhk/gfj/345/sdf
    [106] => asdf/asdf/%/%/%/%/%/%
    [107] => asdf/%/asdf/%/%/%/%/%
    [108] => asdf/%/%/rty/%/%/%/%
    [109] => asdf/%/%/%/rty/%/%/%
    [110] => asdf/%/%/%/%/ui/%/%
    [111] => asdf/%/%/%/%/%/hjhk/%
    [112] => asdf/%/%/%/%/%/%/gfj/345/sdf
    [113] => asdf/%/%/%/%/%/%/%
)


[SQL]|2011-05-02 02:07:43|(0.00030)|[SET NAMES "utf8"]

[SQL]|2011-05-02 02:07:43|(0.00050)|[SELECT * FROM inter_options]

[SQL]|2011-05-02 02:07:43|(0.00060)|[SELECT u.*,s.* FROM inter_users u INNER JOIN inter_sessions s ON u.uid = s.uid WHERE s.sid = 'pir6oqb5n3437eccnpo7192aq1']

[SQL]|2011-05-02 02:07:43|(0.00060)|[SELECT * FROM inter_core WHERE status = 1 ORDER BY weight ASC]

[SQL]|2011-05-02 02:07:43|(0.00080)|[DELETE FROM inter_cache WHERE expired < 1304302063]

[SQL]|2011-05-02 02:07:43|(0.00050)|[UPDATE inter_options SET value = 'i:1304302063;' WHERE name = 'cache_clear_corn']

[SQL]|2011-05-02 02:07:43|(0.00040)|[SELECT path FROM inter_url_alias WHERE path_alias='asdf/asdf/asdf/rty/rty/ui/hjhk/gfj/345/sdf']

[SQL]|2011-05-02 02:08:14|(0.00040)|[SET NAMES "utf8"]

[SQL]|2011-05-02 02:08:14|(0.00060)|[SELECT * FROM inter_options]

[SQL]|2011-05-02 02:08:14|(0.00060)|[SELECT u.*,s.* FROM inter_users u INNER JOIN inter_sessions s ON u.uid = s.uid WHERE s.sid = 'pir6oqb5n3437eccnpo7192aq1']

[SQL]|2011-05-02 02:08:14|(0.00390)|[SELECT * FROM inter_core WHERE status = 1 ORDER BY weight ASC]

[SQL]|2011-05-02 02:08:14|(0.00040)|[SELECT path FROM inter_url_alias WHERE path_alias='asdf/asdf/asdf/rty/rty/ui/hjhk/gfj/345/sdf']

[NOTICE]|2011-05-02 02:08:14|
Array
(
    [0] => asdf/asdf/asdf/rty/rty/ui/hjhk/gfj
    [1] => asdf/asdf/asdf/rty/rty/ui/hjhk/%
    [2] => asdf/asdf/asdf/rty/rty/ui/%/gfj
    [3] => asdf/asdf/asdf/rty/rty/%/hjhk/gfj
    [4] => asdf/asdf/asdf/rty/%/ui/hjhk/gfj
    [5] => asdf/asdf/asdf/%/rty/ui/hjhk/gfj
    [6] => asdf/asdf/%/rty/rty/ui/hjhk/gfj
    [7] => asdf/%/asdf/rty/rty/ui/hjhk/gfj
    [8] => asdf/asdf/asdf/rty/rty/ui/%/%
    [9] => asdf/asdf/asdf/rty/rty/%/hjhk/%
    [10] => asdf/asdf/asdf/rty/%/ui/hjhk/%
    [11] => asdf/asdf/asdf/%/rty/ui/hjhk/%
    [12] => asdf/asdf/%/rty/rty/ui/hjhk/%
    [13] => asdf/%/asdf/rty/rty/ui/hjhk/%
    [14] => asdf/asdf/asdf/rty/rty/%/%/gfj
    [15] => asdf/asdf/asdf/rty/%/ui/%/gfj
    [16] => asdf/asdf/asdf/%/rty/ui/%/gfj
    [17] => asdf/asdf/%/rty/rty/ui/%/gfj
    [18] => asdf/%/asdf/rty/rty/ui/%/gfj
    [19] => asdf/asdf/asdf/rty/%/%/hjhk/gfj
    [20] => asdf/asdf/asdf/%/rty/%/hjhk/gfj
    [21] => asdf/asdf/%/rty/rty/%/hjhk/gfj
    [22] => asdf/%/asdf/rty/rty/%/hjhk/gfj
    [23] => asdf/asdf/asdf/%/%/ui/hjhk/gfj
    [24] => asdf/asdf/%/rty/%/ui/hjhk/gfj
    [25] => asdf/%/asdf/rty/%/ui/hjhk/gfj
    [26] => asdf/asdf/%/%/rty/ui/hjhk/gfj
    [27] => asdf/%/asdf/%/rty/ui/hjhk/gfj
    [28] => asdf/%/%/rty/rty/ui/hjhk/gfj
    [29] => asdf/asdf/asdf/rty/rty/%/%/%
    [30] => asdf/asdf/asdf/rty/%/ui/%/%
    [31] => asdf/asdf/asdf/%/rty/ui/%/%
    [32] => asdf/asdf/%/rty/rty/ui/%/%
    [33] => asdf/%/asdf/rty/rty/ui/%/%
    [34] => asdf/asdf/asdf/rty/%/%/hjhk/%
    [35] => asdf/asdf/asdf/%/rty/%/hjhk/%
    [36] => asdf/asdf/%/rty/rty/%/hjhk/%
    [37] => asdf/%/asdf/rty/rty/%/hjhk/%
    [38] => asdf/asdf/asdf/%/%/ui/hjhk/%
    [39] => asdf/asdf/%/rty/%/ui/hjhk/%
    [40] => asdf/%/asdf/rty/%/ui/hjhk/%
    [41] => asdf/asdf/%/%/rty/ui/hjhk/%
    [42] => asdf/%/asdf/%/rty/ui/hjhk/%
    [43] => asdf/%/%/rty/rty/ui/hjhk/%
    [44] => asdf/asdf/asdf/rty/%/%/%/gfj
    [45] => asdf/asdf/asdf/%/rty/%/%/gfj
    [46] => asdf/asdf/%/rty/rty/%/%/gfj
    [47] => asdf/%/asdf/rty/rty/%/%/gfj
    [48] => asdf/asdf/asdf/%/%/ui/%/gfj
    [49] => asdf/asdf/%/rty/%/ui/%/gfj
    [50] => asdf/%/asdf/rty/%/ui/%/gfj
    [51] => asdf/asdf/%/%/rty/ui/%/gfj
    [52] => asdf/%/asdf/%/rty/ui/%/gfj
    [53] => asdf/%/%/rty/rty/ui/%/gfj
    [54] => asdf/asdf/asdf/%/%/%/hjhk/gfj
    [55] => asdf/asdf/%/rty/%/%/hjhk/gfj
    [56] => asdf/%/asdf/rty/%/%/hjhk/gfj
    [57] => asdf/asdf/%/%/%/ui/hjhk/gfj
    [58] => asdf/%/asdf/%/%/ui/hjhk/gfj
    [59] => asdf/%/%/%/rty/ui/hjhk/gfj
    [60] => asdf/asdf/asdf/rty/%/%/%/%
    [61] => asdf/asdf/asdf/%/rty/%/%/%
    [62] => asdf/asdf/%/rty/rty/%/%/%
    [63] => asdf/%/asdf/rty/rty/%/%/%
    [64] => asdf/asdf/asdf/%/%/ui/%/%
    [65] => asdf/asdf/%/rty/%/ui/%/%
    [66] => asdf/%/asdf/rty/%/ui/%/%
    [67] => asdf/asdf/%/%/rty/ui/%/%
    [68] => asdf/%/asdf/%/rty/ui/%/%
    [69] => asdf/%/%/rty/rty/ui/%/%
    [70] => asdf/asdf/asdf/%/%/%/hjhk/%
    [71] => asdf/asdf/%/rty/%/%/hjhk/%
    [72] => asdf/%/asdf/rty/%/%/hjhk/%
    [73] => asdf/asdf/%/%/rty/%/hjhk/%
    [74] => asdf/%/asdf/%/rty/%/hjhk/%
    [75] => asdf/%/%/rty/rty/%/hjhk/%
    [76] => asdf/asdf/%/%/%/ui/hjhk/%
    [77] => asdf/%/asdf/%/%/ui/hjhk/%
    [78] => asdf/%/%/rty/%/ui/hjhk/%
    [79] => asdf/%/%/%/rty/ui/hjhk/%
    [80] => asdf/asdf/asdf/%/%/%/%/gfj
    [81] => asdf/asdf/%/rty/%/%/%/gfj
    [82] => asdf/%/asdf/rty/%/%/%/gfj
    [83] => asdf/asdf/%/%/rty/%/%/gfj
    [84] => asdf/%/asdf/%/rty/%/%/gfj
    [85] => asdf/asdf/%/%/%/ui/%/gfj
    [86] => asdf/%/asdf/%/%/ui/%/gfj
    [87] => asdf/%/%/rty/%/ui/%/gfj
    [88] => asdf/%/%/%/rty/ui/%/gfj
    [89] => asdf/asdf/%/%/%/%/hjhk/gfj
    [90] => asdf/%/asdf/%/%/%/hjhk/gfj
    [91] => asdf/%/%/rty/%/%/hjhk/gfj
    [92] => asdf/%/%/%/rty/%/hjhk/gfj
    [93] => asdf/%/%/%/%/ui/hjhk/gfj
    [94] => asdf/asdf/asdf/%/%/%/%/%
    [95] => asdf/asdf/%/rty/%/%/%/%
    [96] => asdf/%/asdf/rty/%/%/%/%
    [97] => asdf/asdf/%/%/rty/%/%/%
    [98] => asdf/%/asdf/%/rty/%/%/%
    [99] => asdf/%/%/rty/%/ui/%/%
    [100] => asdf/%/%/%/rty/ui/%/%
    [101] => asdf/asdf/%/%/%/%/%/gfj
    [102] => asdf/%/asdf/%/%/%/%/gfj
    [103] => asdf/%/%/%/rty/%/%/gfj
    [104] => asdf/%/%/%/%/ui/%/gfj
    [105] => asdf/%/%/%/%/%/hjhk/gfj
    [106] => asdf/asdf/%/%/%/%/%/%
    [107] => asdf/%/asdf/%/%/%/%/%
    [108] => asdf/%/%/rty/%/%/%/%
    [109] => asdf/%/%/%/rty/%/%/%
    [110] => asdf/%/%/%/%/ui/%/%
    [111] => asdf/%/%/%/%/%/hjhk/%
    [112] => asdf/%/%/%/%/%/%/gfj
    [113] => asdf/%/%/%/%/%/%/%
)


[SQL]|2011-05-02 02:10:50|(0.00030)|[SET NAMES "utf8"]

[SQL]|2011-05-02 02:10:50|(0.00040)|[SELECT * FROM inter_options]

[SQL]|2011-05-02 02:10:51|(0.00230)|[SELECT u.*,s.* FROM inter_users u INNER JOIN inter_sessions s ON u.uid = s.uid WHERE s.sid = 'pir6oqb5n3437eccnpo7192aq1']

[SQL]|2011-05-02 02:10:51|(0.00080)|[SELECT * FROM inter_core WHERE status = 1 ORDER BY weight ASC]

[SQL]|2011-05-02 02:10:51|(0.00040)|[SELECT path FROM inter_url_alias WHERE path_alias='asdf/asdf/asdf/rty/rty/ui/hjhk/gfj/345/sdf']

[SQL]|2011-05-28 12:52:32|(0.00020)|[SET NAMES "utf8"]

[SQL]|2011-05-28 12:52:32|(0.00050)|[SELECT * FROM inter_options]

[SQL]|2011-05-28 12:52:32|(0.00050)|[SELECT * FROM inter_core WHERE status = 1 ORDER BY weight ASC]

[SQL]|2011-05-28 12:52:32|(0.01610)|[DELETE FROM inter_cache WHERE expired < 1306558352]

[SQL]|2011-05-28 12:52:33|(0.02810)|[UPDATE inter_options SET value = 'i:1306558352;' WHERE name = 'cache_clear_corn']

[SQL]|2011-05-28 12:52:33|(0.00050)|[UPDATE inter_sessions SET hostname = '127.0.0.1', timestamp = 1306558353, data = '' WHERE sid = '5csqlb9ibh5q9etns2l4hqcfg7']

[SQL]|2011-05-28 12:52:33|(0.00030)|[INSERT INTO inter_sessions(uid, sid, hostname, timestamp, data) VALUES( 0, '5csqlb9ibh5q9etns2l4hqcfg7', '127.0.0.1', 1306558353, '')]

[SQL]|2011-05-28 12:52:43|(0.00010)|[SET NAMES "utf8"]

[SQL]|2011-05-28 12:52:43|(0.00020)|[SELECT * FROM inter_options]

[SQL]|2011-05-28 12:52:43|(0.01920)|[SELECT u.*,s.* FROM inter_users u INNER JOIN inter_sessions s ON u.uid = s.uid WHERE s.sid = '5csqlb9ibh5q9etns2l4hqcfg7']

[SQL]|2011-05-28 12:52:43|(0.00010)|[SELECT * FROM inter_core WHERE status = 1 ORDER BY weight ASC]

[SQL]|2011-05-28 14:30:29|(0.00020)|[SET NAMES "utf8"]

[SQL]|2011-05-28 14:30:29|(0.00020)|[SELECT * FROM inter_options]

[SQL]|2011-05-28 14:30:29|(0.00020)|[SELECT u.*,s.* FROM inter_users u INNER JOIN inter_sessions s ON u.uid = s.uid WHERE s.sid = '5csqlb9ibh5q9etns2l4hqcfg7']

[SQL]|2011-05-28 14:30:29|(0.00020)|[SELECT * FROM inter_core WHERE status = 1 ORDER BY weight ASC]

[SQL]|2011-05-28 14:30:29|(0.00030)|[DELETE FROM inter_cache WHERE expired < 1306564229]

[SQL]|2011-05-28 14:30:29|(0.01300)|[UPDATE inter_options SET value = 'i:1306564229;' WHERE name = 'cache_clear_corn']

[SQL]|2011-05-28 14:31:58|(0.00020)|[SET NAMES "utf8"]

[SQL]|2011-05-28 14:31:58|(0.00030)|[SELECT * FROM inter_options]

[SQL]|2011-05-28 14:31:58|(0.00010)|[SELECT u.*,s.* FROM inter_users u INNER JOIN inter_sessions s ON u.uid = s.uid WHERE s.sid = '5csqlb9ibh5q9etns2l4hqcfg7']

[SQL]|2011-05-28 14:31:58|(0.00020)|[SELECT * FROM inter_core WHERE status = 1 ORDER BY weight ASC]

[SQL]|2011-05-28 14:35:41|(0.00020)|[SET NAMES "utf8"]

[SQL]|2011-05-28 14:35:41|(0.00020)|[SELECT * FROM inter_options]

[SQL]|2011-05-28 14:35:41|(0.00020)|[SELECT u.*,s.* FROM inter_users u INNER JOIN inter_sessions s ON u.uid = s.uid WHERE s.sid = '5csqlb9ibh5q9etns2l4hqcfg7']

[SQL]|2011-05-28 14:35:41|(0.00020)|[SELECT * FROM inter_core WHERE status = 1 ORDER BY weight ASC]

[SQL]|2011-05-28 14:35:58|(0.00010)|[SET NAMES "utf8"]

[SQL]|2011-05-28 14:35:58|(0.00020)|[SELECT * FROM inter_options]

[SQL]|2011-05-28 14:35:58|(0.00010)|[SELECT u.*,s.* FROM inter_users u INNER JOIN inter_sessions s ON u.uid = s.uid WHERE s.sid = '5csqlb9ibh5q9etns2l4hqcfg7']

[SQL]|2011-05-28 14:35:58|(0.00010)|[SELECT * FROM inter_core WHERE status = 1 ORDER BY weight ASC]

[DEBUG]|2011-05-28 14:35:58|


[DEBUG]|2011-05-28 14:35:58|


[DEBUG]|2011-05-28 14:35:58|


[SQL]|2011-05-28 14:36:03|(0.00010)|[SET NAMES "utf8"]

[SQL]|2011-05-28 14:36:03|(0.00010)|[SELECT * FROM inter_options]

[SQL]|2011-05-28 14:36:03|(0.00010)|[SELECT u.*,s.* FROM inter_users u INNER JOIN inter_sessions s ON u.uid = s.uid WHERE s.sid = '5csqlb9ibh5q9etns2l4hqcfg7']

[SQL]|2011-05-28 14:36:03|(0.00010)|[SELECT * FROM inter_core WHERE status = 1 ORDER BY weight ASC]

[DEBUG]|2011-05-28 14:36:03|


[DEBUG]|2011-05-28 14:36:03|


[DEBUG]|2011-05-28 14:36:03|


[SQL]|2011-05-28 14:36:39|(0.00020)|[SET NAMES "utf8"]

[SQL]|2011-05-28 14:36:39|(0.00020)|[SELECT * FROM inter_options]

[SQL]|2011-05-28 14:36:39|(0.00520)|[SELECT u.*,s.* FROM inter_users u INNER JOIN inter_sessions s ON u.uid = s.uid WHERE s.sid = '5csqlb9ibh5q9etns2l4hqcfg7']

[SQL]|2011-05-28 14:36:39|(0.00010)|[SELECT * FROM inter_core WHERE status = 1 ORDER BY weight ASC]

[SQL]|2011-05-28 14:36:42|(0.00020)|[SET NAMES "utf8"]

[SQL]|2011-05-28 14:36:42|(0.00000)|[SELECT * FROM inter_options]

[SQL]|2011-05-28 14:36:42|(0.00010)|[SELECT u.*,s.* FROM inter_users u INNER JOIN inter_sessions s ON u.uid = s.uid WHERE s.sid = '5csqlb9ibh5q9etns2l4hqcfg7']

[SQL]|2011-05-28 14:36:42|(0.00010)|[SELECT * FROM inter_core WHERE status = 1 ORDER BY weight ASC]

[SQL]|2011-05-28 14:42:01|(0.00020)|[SET NAMES "utf8"]

[SQL]|2011-05-28 14:42:01|(0.00000)|[SELECT * FROM inter_options]

[SQL]|2011-05-28 14:42:01|(0.00010)|[SELECT u.*,s.* FROM inter_users u INNER JOIN inter_sessions s ON u.uid = s.uid WHERE s.sid = '5csqlb9ibh5q9etns2l4hqcfg7']

[SQL]|2011-05-28 14:42:01|(0.00050)|[SELECT * FROM inter_core WHERE status = 1 ORDER BY weight ASC]

[SQL]|2011-05-28 14:42:16|(0.00030)|[SET NAMES "utf8"]

[SQL]|2011-05-28 14:42:16|(0.00190)|[SELECT * FROM inter_options]

[SQL]|2011-05-28 14:42:16|(0.00130)|[SELECT u.*,s.* FROM inter_users u INNER JOIN inter_sessions s ON u.uid = s.uid WHERE s.sid = '5csqlb9ibh5q9etns2l4hqcfg7']

[SQL]|2011-05-28 14:42:16|(0.00010)|[SELECT * FROM inter_core WHERE status = 1 ORDER BY weight ASC]

[SQL]|2011-05-28 14:44:19|(0.00010)|[SET NAMES "utf8"]

[SQL]|2011-05-28 14:44:19|(0.00010)|[SELECT * FROM inter_options]

[SQL]|2011-05-28 14:44:19|(0.00020)|[SELECT u.*,s.* FROM inter_users u INNER JOIN inter_sessions s ON u.uid = s.uid WHERE s.sid = '5csqlb9ibh5q9etns2l4hqcfg7']

[SQL]|2011-05-28 14:44:19|(0.00040)|[SELECT * FROM inter_core WHERE status = 1 ORDER BY weight ASC]

[SQL]|2011-05-28 14:50:27|(0.00010)|[SET NAMES "utf8"]

[SQL]|2011-05-28 14:50:27|(0.00010)|[SELECT * FROM inter_options]

[SQL]|2011-05-28 14:50:27|(0.00020)|[SELECT u.*,s.* FROM inter_users u INNER JOIN inter_sessions s ON u.uid = s.uid WHERE s.sid = '5csqlb9ibh5q9etns2l4hqcfg7']

[SQL]|2011-05-28 14:50:27|(0.00020)|[SELECT * FROM inter_core WHERE status = 1 ORDER BY weight ASC]

[SQL]|2011-05-28 15:54:20|(0.00090)|[SET NAMES "utf8"]

[SQL]|2011-05-28 15:54:20|(0.00260)|[SELECT * FROM inter_options]

[SQL]|2011-05-28 15:54:20|(0.00020)|[SELECT u.*,s.* FROM inter_users u INNER JOIN inter_sessions s ON u.uid = s.uid WHERE s.sid = '5csqlb9ibh5q9etns2l4hqcfg7']

[SQL]|2011-05-28 15:54:29|(0.00010)|[SET NAMES "utf8"]

[SQL]|2011-05-28 15:54:29|(0.00020)|[SELECT * FROM inter_options]

[SQL]|2011-05-28 15:54:29|(0.00020)|[SELECT u.*,s.* FROM inter_users u INNER JOIN inter_sessions s ON u.uid = s.uid WHERE s.sid = '5csqlb9ibh5q9etns2l4hqcfg7']

[SQL]|2011-05-28 15:54:31|(0.00020)|[SET NAMES "utf8"]

[SQL]|2011-05-28 15:54:31|(0.00010)|[SELECT * FROM inter_options]

[SQL]|2011-05-28 15:54:31|(0.00020)|[SELECT u.*,s.* FROM inter_users u INNER JOIN inter_sessions s ON u.uid = s.uid WHERE s.sid = '5csqlb9ibh5q9etns2l4hqcfg7']

[SQL]|2011-05-28 15:55:24|(0.00010)|[SET NAMES "utf8"]

[SQL]|2011-05-28 15:55:24|(0.00000)|[SELECT * FROM inter_options]

[SQL]|2011-05-28 15:55:24|(0.00010)|[SELECT u.*,s.* FROM inter_users u INNER JOIN inter_sessions s ON u.uid = s.uid WHERE s.sid = '5csqlb9ibh5q9etns2l4hqcfg7']

[SQL]|2011-05-28 15:55:24|(0.00000)|[SELECT * FROM inter_core WHERE status = 1 ORDER BY weight ASC]

[SQL]|2011-05-28 15:56:25|(0.00010)|[SET NAMES "utf8"]

[SQL]|2011-05-28 15:56:25|(0.00010)|[SELECT * FROM inter_options]

[SQL]|2011-05-28 15:56:25|(0.00010)|[SELECT u.*,s.* FROM inter_users u INNER JOIN inter_sessions s ON u.uid = s.uid WHERE s.sid = '5csqlb9ibh5q9etns2l4hqcfg7']

[SQL]|2011-05-28 15:56:25|(0.00010)|[SELECT * FROM inter_core WHERE status = 1 ORDER BY weight ASC]

[SQL]|2011-05-28 15:56:40|(0.00020)|[SET NAMES "utf8"]

[SQL]|2011-05-28 15:56:40|(0.00010)|[SELECT * FROM inter_options]

[SQL]|2011-05-28 15:56:40|(0.00010)|[SELECT u.*,s.* FROM inter_users u INNER JOIN inter_sessions s ON u.uid = s.uid WHERE s.sid = '5csqlb9ibh5q9etns2l4hqcfg7']

[SQL]|2011-05-28 15:56:40|(0.00010)|[SELECT * FROM inter_core WHERE status = 1 ORDER BY weight ASC]

[SQL]|2011-05-28 15:58:51|(0.00020)|[SET NAMES "utf8"]

[SQL]|2011-05-28 15:58:51|(0.00010)|[SELECT * FROM inter_options]

[SQL]|2011-05-28 15:58:51|(0.00010)|[SELECT u.*,s.* FROM inter_users u INNER JOIN inter_sessions s ON u.uid = s.uid WHERE s.sid = '5csqlb9ibh5q9etns2l4hqcfg7']

[SQL]|2011-05-28 15:58:51|(0.00010)|[SELECT * FROM inter_core WHERE status = 1 ORDER BY weight ASC]

[SQL]|2011-05-28 15:59:26|(0.00020)|[SET NAMES "utf8"]

[SQL]|2011-05-28 15:59:26|(0.00010)|[SELECT * FROM inter_options]

[SQL]|2011-05-28 15:59:26|(0.00020)|[SELECT u.*,s.* FROM inter_users u INNER JOIN inter_sessions s ON u.uid = s.uid WHERE s.sid = '5csqlb9ibh5q9etns2l4hqcfg7']

[SQL]|2011-05-28 15:59:26|(0.00010)|[SELECT * FROM inter_core WHERE status = 1 ORDER BY weight ASC]

[SQL]|2011-05-28 15:59:45|(0.00010)|[SET NAMES "utf8"]

[SQL]|2011-05-28 15:59:45|(0.00010)|[SELECT * FROM inter_options]

[SQL]|2011-05-28 15:59:45|(0.00010)|[SELECT u.*,s.* FROM inter_users u INNER JOIN inter_sessions s ON u.uid = s.uid WHERE s.sid = '5csqlb9ibh5q9etns2l4hqcfg7']

[SQL]|2011-05-28 15:59:45|(0.00010)|[SELECT * FROM inter_core WHERE status = 1 ORDER BY weight ASC]

[SQL]|2011-05-28 16:01:31|(0.00010)|[SET NAMES "utf8"]

[SQL]|2011-05-28 16:01:31|(0.00010)|[SELECT * FROM inter_options]

[SQL]|2011-05-28 16:01:31|(0.00030)|[SELECT * FROM inter_core WHERE status = 1 ORDER BY weight ASC]

[SQL]|2011-05-28 16:01:31|(0.00030)|[UPDATE inter_sessions SET hostname = '127.0.0.1', timestamp = 1306569691, data = '' WHERE sid = '5nrl325k5fnbpb6qs0vbkjpo82']

[SQL]|2011-05-28 16:01:31|(0.03180)|[INSERT INTO inter_sessions(uid, sid, hostname, timestamp, data) VALUES( 0, '5nrl325k5fnbpb6qs0vbkjpo82', '127.0.0.1', 1306569691, '')]

[SQL]|2011-05-28 16:01:48|(0.00010)|[SET NAMES "utf8"]

[SQL]|2011-05-28 16:01:48|(0.00250)|[SELECT * FROM inter_options]

[SQL]|2011-05-28 16:01:48|(0.00070)|[SELECT u.*,s.* FROM inter_users u INNER JOIN inter_sessions s ON u.uid = s.uid WHERE s.sid = '5nrl325k5fnbpb6qs0vbkjpo82']

[SQL]|2011-05-28 16:01:48|(0.00020)|[SELECT * FROM inter_core WHERE status = 1 ORDER BY weight ASC]

[SQL]|2011-05-28 16:02:47|(0.00020)|[SET NAMES "utf8"]

[SQL]|2011-05-28 16:02:47|(0.00010)|[SELECT * FROM inter_options]

[SQL]|2011-05-28 16:02:47|(0.00520)|[SELECT u.*,s.* FROM inter_users u INNER JOIN inter_sessions s ON u.uid = s.uid WHERE s.sid = '5csqlb9ibh5q9etns2l4hqcfg7']

[SQL]|2011-05-28 16:02:47|(0.00030)|[SELECT * FROM inter_core WHERE status = 1 ORDER BY weight ASC]

[SQL]|2011-05-28 16:02:47|(0.00020)|[DELETE FROM inter_cache WHERE expired < 1306569767]

[SQL]|2011-05-28 16:02:47|(0.00150)|[UPDATE inter_options SET value = 'i:1306569767;' WHERE name = 'cache_clear_corn']

[SQL]|2011-05-28 16:03:00|(0.00140)|[SET NAMES "utf8"]

[SQL]|2011-05-28 16:03:00|(0.00030)|[SELECT * FROM inter_options]

[SQL]|2011-05-28 16:03:00|(0.00000)|[SELECT u.*,s.* FROM inter_users u INNER JOIN inter_sessions s ON u.uid = s.uid WHERE s.sid = '5csqlb9ibh5q9etns2l4hqcfg7']

[SQL]|2011-05-28 16:03:00|(0.00010)|[SELECT * FROM inter_core WHERE status = 1 ORDER BY weight ASC]

[SQL]|2011-05-28 16:12:24|(0.00020)|[SET NAMES "utf8"]

[SQL]|2011-05-28 16:12:24|(0.00020)|[SELECT * FROM inter_options]

[SQL]|2011-05-28 16:12:24|(0.00020)|[SELECT u.*,s.* FROM inter_users u INNER JOIN inter_sessions s ON u.uid = s.uid WHERE s.sid = '5csqlb9ibh5q9etns2l4hqcfg7']

[SQL]|2011-05-28 16:12:24|(0.00010)|[SELECT * FROM inter_core WHERE status = 1 ORDER BY weight ASC]

[SQL]|2011-05-28 16:12:24|(0.00030)|[DELETE FROM inter_cache WHERE expired < 1306570344]

[SQL]|2011-05-28 16:12:24|(0.00050)|[UPDATE inter_options SET value = 'i:1306570344;' WHERE name = 'cache_clear_corn']

[SQL]|2011-05-28 16:12:26|(0.00070)|[SET NAMES "utf8"]

[SQL]|2011-05-28 16:12:26|(0.00030)|[SELECT * FROM inter_options]

[SQL]|2011-05-28 16:12:26|(0.00200)|[SELECT u.*,s.* FROM inter_users u INNER JOIN inter_sessions s ON u.uid = s.uid WHERE s.sid = '5csqlb9ibh5q9etns2l4hqcfg7']

[SQL]|2011-05-28 16:12:26|(0.00010)|[SELECT * FROM inter_core WHERE status = 1 ORDER BY weight ASC]

[SQL]|2011-05-28 16:12:37|(0.00020)|[SET NAMES "utf8"]

[SQL]|2011-05-28 16:12:37|(0.00020)|[SELECT * FROM inter_options]

[SQL]|2011-05-28 16:12:37|(0.00010)|[SELECT u.*,s.* FROM inter_users u INNER JOIN inter_sessions s ON u.uid = s.uid WHERE s.sid = '5csqlb9ibh5q9etns2l4hqcfg7']

[SQL]|2011-05-28 16:12:37|(0.00020)|[SELECT * FROM inter_core WHERE status = 1 ORDER BY weight ASC]

[SQL]|2011-05-28 16:13:04|(0.00010)|[SET NAMES "utf8"]

[SQL]|2011-05-28 16:13:04|(0.00010)|[SELECT * FROM inter_options]

[SQL]|2011-05-28 16:13:04|(0.00010)|[SELECT u.*,s.* FROM inter_users u INNER JOIN inter_sessions s ON u.uid = s.uid WHERE s.sid = '5csqlb9ibh5q9etns2l4hqcfg7']

[SQL]|2011-05-28 16:13:04|(0.00080)|[SELECT * FROM inter_core WHERE status = 1 ORDER BY weight ASC]

[SQL]|2011-05-28 16:13:09|(0.00090)|[SET NAMES "utf8"]

[SQL]|2011-05-28 16:13:09|(0.00010)|[SELECT * FROM inter_options]

[SQL]|2011-05-28 16:13:09|(0.00010)|[SELECT u.*,s.* FROM inter_users u INNER JOIN inter_sessions s ON u.uid = s.uid WHERE s.sid = '5csqlb9ibh5q9etns2l4hqcfg7']

[SQL]|2011-05-28 16:13:09|(0.00210)|[SELECT * FROM inter_core WHERE status = 1 ORDER BY weight ASC]

[SQL]|2011-05-28 16:13:22|(0.00020)|[SET NAMES "utf8"]

[SQL]|2011-05-28 16:13:22|(0.00010)|[SELECT * FROM inter_options]

[SQL]|2011-05-28 16:13:22|(0.00010)|[SELECT u.*,s.* FROM inter_users u INNER JOIN inter_sessions s ON u.uid = s.uid WHERE s.sid = '5csqlb9ibh5q9etns2l4hqcfg7']

[SQL]|2011-05-28 16:13:22|(0.00010)|[SELECT * FROM inter_core WHERE status = 1 ORDER BY weight ASC]

[SQL]|2011-05-28 16:13:22|(0.00110)|[SELECT path FROM inter_url_alias WHERE path_alias='zxcvzxcv/asdf']

[SQL]|2011-05-28 16:13:30|(0.00020)|[SET NAMES "utf8"]

[SQL]|2011-05-28 16:13:30|(0.00010)|[SELECT * FROM inter_options]

[SQL]|2011-05-28 16:13:30|(0.00020)|[SELECT u.*,s.* FROM inter_users u INNER JOIN inter_sessions s ON u.uid = s.uid WHERE s.sid = '5csqlb9ibh5q9etns2l4hqcfg7']

[SQL]|2011-05-28 16:13:30|(0.00020)|[SELECT * FROM inter_core WHERE status = 1 ORDER BY weight ASC]

[SQL]|2011-05-28 16:13:30|(0.00020)|[SELECT path FROM inter_url_alias WHERE path_alias='zxcvzxcv/asdf']

